[    0.000000] Initializing cgroup subsys cpuset
[    0.000000] Initializing cgroup subsys cpu
[    0.000000] Initializing cgroup subsys cpuacct
[    0.000000] Linux version 4.4.0-128-generic (buildd@lcy01-amd64-019) (gcc version 5.4.0 20160609 (Ubuntu 5.4.0-6ubuntu1~16.04.9) ) #154-Ubuntu SMP Fri May 25 14:15:18 UTC 2018 (Ubuntu 4.4.0-128.154-generic 4.4.131)
[    0.000000] Command line: BOOT_IMAGE=/boot/vmlinuz-4.4.0-128-generic root=LABEL=cloudimg-rootfs ro console=tty1 console=ttyS0
[    0.000000] KERNEL supported cpus:
[    0.000000]   Intel GenuineIntel
[    0.000000]   AMD AuthenticAMD
[    0.000000]   Centaur CentaurHauls
[    0.000000] ------------[ cut here ]------------
[    0.000000] WARNING: CPU: 0 PID: 0 at /build/linux-prqDW9/linux-4.4.0/arch/x86/kernel/fpu/xstate.c:517 fpu__init_system_xstate+0x38b/0x75a()
[    0.000000] XSAVE consistency problem, dumping leaves
[    0.000000] Modules linked in:
[    0.000000] CPU: 0 PID: 0 Comm: swapper Not tainted 4.4.0-128-generic #154-Ubuntu
[    0.000000]  0000000000000086 c649629cd750b11b ffffffff81e03d70 ffffffff81401473
[    0.000000]  ffffffff81e03db8 ffffffff81cacb08 ffffffff81e03da8 ffffffff81084432
[    0.000000]  ffffffff81e03e38 ffffffff81e03e3c 0000000000000008 0000000000000100
[    0.000000] Call Trace:
[    0.000000]  [<ffffffff81401473>] dump_stack+0x63/0x90
[    0.000000]  [<ffffffff81084432>] warn_slowpath_common+0x82/0xc0
[    0.000000]  [<ffffffff810844cc>] warn_slowpath_fmt+0x5c/0x80
[    0.000000]  [<ffffffff8107ffeb>] ? xfeature_size+0x59/0x77
[    0.000000]  [<ffffffff81f732b1>] fpu__init_system_xstate+0x38b/0x75a
[    0.000000]  [<ffffffff81f63120>] ? early_idt_handler_array+0x120/0x120
[    0.000000]  [<ffffffff81f72c1c>] fpu__init_system+0x10b/0x243
[    0.000000]  [<ffffffff81f73e46>] early_cpu_init+0x1da/0x1e0
[    0.000000]  [<ffffffff81f73e46>] ? early_cpu_init+0x1da/0x1e0
[    0.000000]  [<ffffffff81f6f1a6>] setup_arch+0xb4/0xd13
[    0.000000]  [<ffffffff81f63120>] ? early_idt_handler_array+0x120/0x120
[    0.000000]  [<ffffffff81f63c75>] start_kernel+0xe2/0x4a4
[    0.000000]  [<ffffffff81f63120>] ? early_idt_handler_array+0x120/0x120
[    0.000000]  [<ffffffff81f63339>] x86_64_start_reservations+0x2a/0x2c
[    0.000000]  [<ffffffff81f63485>] x86_64_start_kernel+0x14a/0x16d
[    0.000000] ---[ end trace 4d5ff9f2f68c4233 ]---
[    0.000000] CPUID[0d, 00]: eax=00000007 ebx=00000440 ecx=00000440 edx=00000000
[    0.000000] CPUID[0d, 01]: eax=00000000 ebx=000003c0 ecx=00000000 edx=00000000
[    0.000000] CPUID[0d, 02]: eax=00000100 ebx=00000240 ecx=00000000 edx=00000000
[    0.000000] CPUID[0d, 03]: eax=00000000 ebx=00000000 ecx=00000000 edx=00000000
[    0.000000] CPUID[0d, 04]: eax=00000000 ebx=00000000 ecx=00000000 edx=00000000
[    0.000000] CPUID[0d, 05]: eax=00000000 ebx=00000000 ecx=00000000 edx=00000000
[    0.000000] CPUID[0d, 06]: eax=00000000 ebx=00000000 ecx=00000000 edx=00000000
[    0.000000] CPUID[0d, 07]: eax=00000000 ebx=00000000 ecx=00000000 edx=00000000
[    0.000000] CPUID[0d, 08]: eax=00000000 ebx=00000000 ecx=00000000 edx=00000000
[    0.000000] CPUID[0d, 09]: eax=00000000 ebx=00000000 ecx=00000000 edx=00000000
[    0.000000] CPUID[0d, 0a]: eax=00000000 ebx=00000000 ecx=00000000 edx=00000000
[    0.000000] CPUID[0d, 0b]: eax=00000000 ebx=00000000 ecx=00000000 edx=00000000
[    0.000000] CPUID[0d, 0c]: eax=00000000 ebx=00000000 ecx=00000000 edx=00000000
[    0.000000] CPUID[0d, 0d]: eax=00000000 ebx=00000000 ecx=00000000 edx=00000000
[    0.000000] CPUID[0d, 0e]: eax=00000000 ebx=00000000 ecx=00000000 edx=00000000
[    0.000000] CPUID[0d, 0f]: eax=00000000 ebx=00000000 ecx=00000000 edx=00000000
[    0.000000] CPUID[0d, 10]: eax=00000000 ebx=00000000 ecx=00000000 edx=00000000
[    0.000000] CPUID[0d, 11]: eax=00000000 ebx=00000000 ecx=00000000 edx=00000000
[    0.000000] x86/fpu: xstate_offset[2]:  576, xstate_sizes[2]:  256
[    0.000000] x86/fpu: Supporting XSAVE feature 0x01: 'x87 floating point registers'
[    0.000000] x86/fpu: Supporting XSAVE feature 0x02: 'SSE registers'
[    0.000000] x86/fpu: Supporting XSAVE feature 0x04: 'AVX registers'
[    0.000000] x86/fpu: Enabled xstate features 0x7, context size is 1088 bytes, using 'standard' format.
[    0.000000] x86/fpu: Using 'lazy' FPU context switches.
[    0.000000] e820: BIOS-provided physical RAM map:
[    0.000000] BIOS-e820: [mem 0x0000000000000000-0x000000000009fbff] usable
[    0.000000] BIOS-e820: [mem 0x000000000009fc00-0x000000000009ffff] reserved
[    0.000000] BIOS-e820: [mem 0x00000000000f0000-0x00000000000fffff] reserved
[    0.000000] BIOS-e820: [mem 0x0000000000100000-0x000000003ffeffff] usable
[    0.000000] BIOS-e820: [mem 0x000000003fff0000-0x000000003fffffff] ACPI data
[    0.000000] BIOS-e820: [mem 0x00000000fec00000-0x00000000fec00fff] reserved
[    0.000000] BIOS-e820: [mem 0x00000000fee00000-0x00000000fee00fff] reserved
[    0.000000] BIOS-e820: [mem 0x00000000fffc0000-0x00000000ffffffff] reserved
[    0.000000] NX (Execute Disable) protection: active
[    0.000000] SMBIOS 2.5 present.
[    0.000000] Hypervisor detected: KVM
[    0.000000] e820: last_pfn = 0x3fff0 max_arch_pfn = 0x400000000
[    0.000000] MTRR: Disabled
[    0.000000] x86/PAT: MTRRs disabled, skipping PAT initialization too.
[    0.000000] CPU MTRRs all blank - virtualized system.
[    0.000000] x86/PAT: Configuration [0-7]: WB  WT  UC- UC  WB  WT  UC- UC  
[    0.000000] found SMP MP-table at [mem 0x0009fff0-0x0009ffff] mapped at [ffff88000009fff0]
[    0.000000] Scanning 1 areas for low memory corruption
[    0.000000] RAMDISK: [mem 0x36aa2000-0x37548fff]
[    0.000000] ACPI: Early table checksum verification disabled
[    0.000000] ACPI: RSDP 0x00000000000E0000 000024 (v02 VBOX  )
[    0.000000] ACPI: XSDT 0x000000003FFF0030 00003C (v01 VBOX   VBOXXSDT 00000001 ASL  00000061)
[    0.000000] ACPI: FACP 0x000000003FFF00F0 0000F4 (v04 VBOX   VBOXFACP 00000001 ASL  00000061)
[    0.000000] ACPI: DSDT 0x000000003FFF0470 0021FF (v02 VBOX   VBOXBIOS 00000002 INTL 20100528)
[    0.000000] ACPI: FACS 0x000000003FFF0200 000040
[    0.000000] ACPI: FACS 0x000000003FFF0200 000040
[    0.000000] ACPI: APIC 0x000000003FFF0240 00005C (v02 VBOX   VBOXAPIC 00000001 ASL  00000061)
[    0.000000] ACPI: SSDT 0x000000003FFF02A0 0001CC (v01 VBOX   VBOXCPUT 00000002 INTL 20100528)
[    0.000000] No NUMA configuration found
[    0.000000] Faking a node at [mem 0x0000000000000000-0x000000003ffeffff]
[    0.000000] NODE_DATA(0) allocated [mem 0x3ffeb000-0x3ffeffff]
[    0.000000] kvm-clock: Using msrs 4b564d01 and 4b564d00
[    0.000000] kvm-clock: cpu 0, msr 0:3ffe3001, primary cpu clock
[    0.000000] kvm-clock: using sched offset of 3545416774 cycles
[    0.000000] clocksource: kvm-clock: mask: 0xffffffffffffffff max_cycles: 0x1cd42e4dffb, max_idle_ns: 881590591483 ns
[    0.000000] Zone ranges:
[    0.000000]   DMA      [mem 0x0000000000001000-0x0000000000ffffff]
[    0.000000]   DMA32    [mem 0x0000000001000000-0x000000003ffeffff]
[    0.000000]   Normal   empty
[    0.000000]   Device   empty
[    0.000000] Movable zone start for each node
[    0.000000] Early memory node ranges
[    0.000000]   node   0: [mem 0x0000000000001000-0x000000000009efff]
[    0.000000]   node   0: [mem 0x0000000000100000-0x000000003ffeffff]
[    0.000000] Initmem setup node 0 [mem 0x0000000000001000-0x000000003ffeffff]
[    0.000000] ACPI: PM-Timer IO Port: 0x4008
[    0.000000] IOAPIC[0]: apic_id 2, version 32, address 0xfec00000, GSI 0-23
[    0.000000] ACPI: INT_SRC_OVR (bus 0 bus_irq 0 global_irq 2 dfl dfl)
[    0.000000] ACPI: INT_SRC_OVR (bus 0 bus_irq 9 global_irq 9 high level)
[    0.000000] Using ACPI (MADT) for SMP configuration information
[    0.000000] smpboot: Allowing 2 CPUs, 0 hotplug CPUs
[    0.000000] PM: Registered nosave memory: [mem 0x00000000-0x00000fff]
[    0.000000] PM: Registered nosave memory: [mem 0x0009f000-0x0009ffff]
[    0.000000] PM: Registered nosave memory: [mem 0x000a0000-0x000effff]
[    0.000000] PM: Registered nosave memory: [mem 0x000f0000-0x000fffff]
[    0.000000] e820: [mem 0x40000000-0xfebfffff] available for PCI devices
[    0.000000] Booting paravirtualized kernel on KVM
[    0.000000] clocksource: refined-jiffies: mask: 0xffffffff max_cycles: 0xffffffff, max_idle_ns: 7645519600211568 ns
[    0.000000] setup_percpu: NR_CPUS:512 nr_cpumask_bits:512 nr_cpu_ids:2 nr_node_ids:1
[    0.000000] PERCPU: Embedded 34 pages/cpu @ffff88003fc00000 s99544 r8192 d31528 u1048576
[    0.000000] PV qspinlock hash table entries: 256 (order: 0, 4096 bytes)
[    0.000000] Built 1 zonelists in Node order, mobility grouping on.  Total pages: 257912
[    0.000000] Policy zone: DMA32
[    0.000000] Kernel command line: BOOT_IMAGE=/boot/vmlinuz-4.4.0-128-generic root=LABEL=cloudimg-rootfs ro console=tty1 console=ttyS0
[    0.000000] PID hash table entries: 4096 (order: 3, 32768 bytes)
[    0.000000] Memory: 1001612K/1048120K available (8541K kernel code, 1313K rwdata, 4000K rodata, 1512K init, 1316K bss, 46508K reserved, 0K cma-reserved)
[    0.000000] SLUB: HWalign=64, Order=0-3, MinObjects=0, CPUs=2, Nodes=1
[    0.000000] Kernel/User page tables isolation: enabled
[    0.000000] Hierarchical RCU implementation.
[    0.000000] 	Build-time adjustment of leaf fanout to 64.
[    0.000000] 	RCU restricting CPUs from NR_CPUS=512 to nr_cpu_ids=2.
[    0.000000] RCU: Adjusting geometry for rcu_fanout_leaf=64, nr_cpu_ids=2
[    0.000000] NR_IRQS:33024 nr_irqs:440 16
[    0.000000] Console: colour VGA+ 80x25
[    0.000000] console [tty1] enabled
[    0.000000] console [ttyS0] enabled
[    0.000000] tsc: Detected 2400.002 MHz processor
[   18.708493] Calibrating delay loop (skipped) preset value.. 4800.00 BogoMIPS (lpj=9600008)
[   18.782644] pid_max: default: 32768 minimum: 301
[   18.834962] ACPI: Core revision 20150930
[   18.898240] ACPI: 2 ACPI AML tables successfully acquired and loaded
[   19.090873] Security Framework initialized
[   19.174319] Yama: becoming mindful.
[   19.265588] AppArmor: AppArmor initialized
[   19.369004] Dentry cache hash table entries: 131072 (order: 8, 1048576 bytes)
[   19.566738] Inode-cache hash table entries: 65536 (order: 7, 524288 bytes)
[   19.734001] Mount-cache hash table entries: 2048 (order: 2, 16384 bytes)
[   19.901836] Mountpoint-cache hash table entries: 2048 (order: 2, 16384 bytes)
[   20.022107] Initializing cgroup subsys io
[   20.147934] Initializing cgroup subsys memory
[   20.268770] Initializing cgroup subsys devices
[   20.397260] Initializing cgroup subsys freezer
[   20.542158] Initializing cgroup subsys net_cls
[   20.686543] Initializing cgroup subsys perf_event
[   20.826988] Initializing cgroup subsys net_prio
[   20.950945] Initializing cgroup subsys hugetlb
[   21.061610] Initializing cgroup subsys pids
[   21.148365] CPU: Physical Processor ID: 0
[   21.264799] CPU: Processor Core ID: 0
[   21.390958] mce: CPU supports 0 MCE banks
[   21.521802] Last level iTLB entries: 4KB 64, 2MB 8, 4MB 8
[   21.697659] Last level dTLB entries: 4KB 64, 2MB 0, 4MB 0, 1GB 4
[   21.894169] Spectre V2 : Mitigation: Full generic retpoline
[   21.983391] Spectre V2 : Speculation control IBPB not-supported IBRS not-supported
[   22.087075] Spectre V2 : Filling RSB on context switch
[   22.211445] Speculative Store Bypass: Vulnerable
[   22.280599] Freeing SMP alternatives memory: 32K
[   22.385003] ftrace: allocating 32236 entries in 126 pages
[   22.632113] smpboot: APIC(0) Converting physical 0 to logical package 0
[   22.816593] smpboot: Max logical packages: 1
[   22.916020] x2apic enabled
[   22.985451] Switched APIC routing to physical x2apic.
[   23.136862] ..TIMER: vector=0x30 apic1=0 pin1=2 apic2=-1 pin2=-1
[   23.417352] smpboot: CPU0: Intel(R) Core(TM) i5-6200U CPU @ 2.30GHz (family: 0x6, model: 0x4e, stepping: 0x3)
[   23.672360] Performance Events: unsupported p6 CPU model 78 no PMU driver, software events only.
[   23.932487] KVM setup paravirtual spinlock
[   24.048603] x86: Booting SMP configuration:
[   24.176834] .... node  #0, CPUs:      #1
[   24.273490] kvm-clock: cpu 1, msr 0:3ffe3041, secondary cpu clock
[   24.442115] mce: CPU supports 0 MCE banks
[   24.563312] x86: Booted up 1 node, 2 CPUs
[   24.655814] smpboot: Total of 2 processors activated (9600.00 BogoMIPS)
[   24.710890] devtmpfs: initialized
[   24.759201] evm: security.selinux
[   24.813005] evm: security.SMACK64
[   24.832685] evm: security.SMACK64EXEC
[   24.867597] evm: security.SMACK64TRANSMUTE
[   24.980151] evm: security.SMACK64MMAP
[   25.081862] evm: security.ima
[   25.171869] evm: security.capability
[   25.278480] clocksource: jiffies: mask: 0xffffffff max_cycles: 0xffffffff, max_idle_ns: 7645041785100000 ns
[   25.510723] futex hash table entries: 512 (order: 3, 32768 bytes)
[   25.711281] pinctrl core: initialized pinctrl subsystem
[   25.841460] RTC time:  5:38:52, date: 06/15/18
[   25.987651] NET: Registered protocol family 16
[   26.133250] cpuidle: using governor ladder
[   26.231578] cpuidle: using governor menu
[   26.318483] PCCT header not found.
[   26.364542] ACPI: bus type PCI registered
[   26.486171] acpiphp: ACPI Hot Plug PCI Controller Driver version: 0.5
[   26.676459] PCI: Using configuration type 1 for base access
[   26.858093] ACPI: Added _OSI(Module Device)
[   26.971951] ACPI: Added _OSI(Processor Device)
[   27.066092] ACPI: Added _OSI(3.0 _SCP Extensions)
[   27.098290] ACPI: Added _OSI(Processor Aggregator Device)
[   27.123987] ACPI: Executed 1 blocks of module-level executable AML code
[   27.222773] ACPI: Interpreter enabled
[   27.267003] ACPI: (supports S0 S5)
[   27.301251] ACPI: Using IOAPIC for interrupt routing
[   27.340297] PCI: Using host bridge windows from ACPI; if necessary, use "pci=nocrs" and report a bug
[   27.422531] ACPI: PCI Root Bridge [PCI0] (domain 0000 [bus 00-ff])
[   27.513125] acpi PNP0A03:00: _OSC: OS supports [ASPM ClockPM Segments MSI]
[   27.579277] acpi PNP0A03:00: _OSC: not requesting OS control; OS requires [ExtendedConfig ASPM ClockPM MSI]
[   27.660943] acpi PNP0A03:00: fail to add MMCONFIG information, can't access extended PCI configuration space under this bridge.
[   27.818920] PCI host bridge to bus 0000:00
[   27.861497] pci_bus 0000:00: root bus resource [io  0x0000-0x0cf7 window]
[   27.934573] pci_bus 0000:00: root bus resource [io  0x0d00-0xffff window]
[   28.057756] pci_bus 0000:00: root bus resource [mem 0x000a0000-0x000bffff window]
[   28.100583] pci_bus 0000:00: root bus resource [mem 0x40000000-0xffdfffff window]
[   28.160436] pci_bus 0000:00: root bus resource [bus 00-ff]
[   28.185721] pci 0000:00:01.1: legacy IDE quirk: reg 0x10: [io  0x01f0-0x01f7]
[   28.316023] pci 0000:00:01.1: legacy IDE quirk: reg 0x14: [io  0x03f6]
[   28.327760] pci 0000:00:01.1: legacy IDE quirk: reg 0x18: [io  0x0170-0x0177]
[   28.398718] pci 0000:00:01.1: legacy IDE quirk: reg 0x1c: [io  0x0376]
[   28.488870] pci 0000:00:07.0: quirk: [io  0x4000-0x403f] claimed by PIIX4 ACPI
[   28.605985] pci 0000:00:07.0: quirk: [io  0x4100-0x410f] claimed by PIIX4 SMB
[   28.736263] ACPI: PCI Interrupt Link [LNKA] (IRQs 5 9 10 *11)
[   28.807121] ACPI: PCI Interrupt Link [LNKB] (IRQs 5 9 10 *11)
[   28.904944] ACPI: PCI Interrupt Link [LNKC] (IRQs 5 9 *10 11)
[   28.937177] ACPI: PCI Interrupt Link [LNKD] (IRQs 5 *9 10 11)
[   28.991313] ACPI: Enabled 2 GPEs in block 00 to 07
[   28.997064] vgaarb: setting as boot device: PCI:0000:00:02.0
[   29.122622] vgaarb: device added: PCI:0000:00:02.0,decodes=io+mem,owns=io+mem,locks=none
[   29.221555] vgaarb: loaded
[   29.258445] vgaarb: bridge control possible 0000:00:02.0
[   29.308081] SCSI subsystem initialized
[   29.317158] ACPI: bus type USB registered
[   29.371519] usbcore: registered new interface driver usbfs
[   29.450574] usbcore: registered new interface driver hub
[   29.555966] usbcore: registered new device driver usb
[   29.676819] PCI: Using ACPI for IRQ routing
[   29.804885] NetLabel: Initializing
[   29.881107] NetLabel:  domain hash size = 128
[   29.901126] NetLabel:  protocols = UNLABELED CIPSOv4
[   29.914990] NetLabel:  unlabeled traffic allowed by default
[   30.044857] amd_nb: Cannot enumerate AMD northbridges
[   30.153170] clocksource: Switched to clocksource kvm-clock
[   30.338159] AppArmor: AppArmor Filesystem Enabled
[   30.452854] pnp: PnP ACPI init
[   30.507053] pnp: PnP ACPI: found 3 devices
[   30.560808] clocksource: acpi_pm: mask: 0xffffff max_cycles: 0xffffff, max_idle_ns: 2085701024 ns
[   30.746331] NET: Registered protocol family 2
[   30.793605] TCP established hash table entries: 8192 (order: 4, 65536 bytes)
[   30.880093] TCP bind hash table entries: 8192 (order: 5, 131072 bytes)
[   30.984927] TCP: Hash tables configured (established 8192 bind 8192)
[   31.090643] UDP hash table entries: 512 (order: 2, 16384 bytes)
[   31.133536] UDP-Lite hash table entries: 512 (order: 2, 16384 bytes)
[   31.211844] NET: Registered protocol family 1
[   31.227572] pci 0000:00:00.0: Limiting direct PCI/PCI transfers
[   31.343894] pci 0000:00:01.0: Activating ISA DMA hang workarounds
[   31.376318] Unpacking initramfs...
[   34.425808] Freeing initrd memory: 10908K
[   34.533096] platform rtc_cmos: registered platform RTC device (no PNP device found)
[   34.689889] Scanning for low memory corruption every 60 seconds
[   34.795127] audit: initializing netlink subsys (disabled)
[   34.870418] audit: type=2000 audit(1529041117.055:1): initialized
[   34.962393] Initialise system trusted keyring
[   34.990788] HugeTLB registered 2 MB page size, pre-allocated 0 pages
[   35.102068] zbud: loaded
[   35.123806] VFS: Disk quotas dquot_6.6.0
[   35.139458] VFS: Dquot-cache hash table entries: 512 (order 0, 4096 bytes)
[   35.251943] squashfs: version 4.0 (2009/01/31) Phillip Lougher
[   35.344094] fuse init (API version 7.23)
[   35.432098] Key type big_key registered
[   35.458780] Allocating IMA MOK and blacklist keyrings.
[   35.578734] tsc: Refined TSC clocksource calibration: 2398.902 MHz
[   35.758550] clocksource: tsc: mask: 0xffffffffffffffff max_cycles: 0x22942a65a5f, max_idle_ns: 440795286341 ns
[   35.759052] Key type asymmetric registered
[   35.759064] Asymmetric key parser 'x509' registered
[   35.759132] Block layer SCSI generic (bsg) driver version 0.4 loaded (major 249)
[   35.759171] io scheduler noop registered
[   35.759173] io scheduler deadline registered (default)
[   35.759237] io scheduler cfq registered
[   35.759372] pci_hotplug: PCI Hot Plug PCI Core version: 0.5
[   35.759379] pciehp: PCI Express Hot Plug Controller Driver version: 0.4
[   35.759620] ACPI: AC Adapter [AC] (on-line)
[   35.759697] input: Power Button as /devices/LNXSYSTM:00/LNXPWRBN:00/input/input0
[   35.759701] ACPI: Power Button [PWRF]
[   35.759794] input: Sleep Button as /devices/LNXSYSTM:00/LNXSLPBN:00/input/input1
[   35.759797] ACPI: Sleep Button [SLPF]
[   35.760027] GHES: HEST is not enabled!
[   35.761400] ACPI: Battery Slot [BAT0] (battery present)
[   35.761483] Serial: 8250/16550 driver, 32 ports, IRQ sharing enabled
[   35.799261] 00:02: ttyS0 at I/O 0x3f8 (irq = 4, base_baud = 115200) is a 16550A
[   35.902040] Linux agpgart interface v0.103
[   35.908388] loop: module loaded
[   35.909919] scsi host0: ata_piix
[   35.910032] scsi host1: ata_piix
[   35.910078] ata1: PATA max UDMA/33 cmd 0x1f0 ctl 0x3f6 bmdma 0xd000 irq 14
[   35.910080] ata2: PATA max UDMA/33 cmd 0x170 ctl 0x376 bmdma 0xd008 irq 15
[   35.910291] libphy: Fixed MDIO Bus: probed
[   35.910293] tun: Universal TUN/TAP device driver, 1.6
[   35.910294] tun: (C) 1999-2004 Max Krasnyansky <maxk@qualcomm.com>
[   35.911157] PPP generic driver version 2.4.2
[   35.911376] ehci_hcd: USB 2.0 'Enhanced' Host Controller (EHCI) Driver
[   35.911383] ehci-pci: EHCI PCI platform driver
[   35.911396] ehci-platform: EHCI generic platform driver
[   35.911407] ohci_hcd: USB 1.1 'Open' Host Controller (OHCI) Driver
[   35.911415] ohci-pci: OHCI PCI platform driver
[   35.911425] ohci-platform: OHCI generic platform driver
[   35.911434] uhci_hcd: USB Universal Host Controller Interface driver
[   35.911523] i8042: PNP: PS/2 Controller [PNP0303:PS2K,PNP0f03:PS2M] at 0x60,0x64 irq 1,12
[   36.067728] serio: i8042 KBD port at 0x60,0x64 irq 1
[   36.067736] serio: i8042 AUX port at 0x60,0x64 irq 12
[   36.067951] mousedev: PS/2 mouse device common for all mice
[   36.068363] rtc_cmos rtc_cmos: rtc core: registered rtc_cmos as rtc0
[   36.068453] rtc_cmos rtc_cmos: alarms up to one day, 114 bytes nvram
[   36.068462] i2c /dev entries driver
[   36.068524] device-mapper: uevent: version 1.0.3
[   36.068671] device-mapper: ioctl: 4.34.0-ioctl (2015-10-28) initialised: dm-devel@redhat.com
[   36.068691] ledtrig-cpu: registered to indicate activity on CPUs
[   36.068985] NET: Registered protocol family 10
[   36.069207] NET: Registered protocol family 17
[   36.069218] Key type dns_resolver registered
[   36.069639] registered taskstats version 1
[   36.069660] Loading compiled-in X.509 certificates
[   36.070444] Loaded X.509 cert 'Build time autogenerated kernel key: fc7b57a7df019f2655f66a8a374d74ee8f4999fc'
[   36.070467] zswap: loaded using pool lzo/zbud
[   36.073687] Key type trusted registered
[   36.078239] Key type encrypted registered
[   36.078247] AppArmor: AppArmor sha1 policy hashing enabled
[   36.078251] ima: No TPM chip found, activating TPM-bypass!
[   36.078268] evm: HMAC attrs: 0x1
[   36.078523]   Magic number: 6:236:618
[   36.188941] rtc_cmos rtc_cmos: setting system clock to 2018-06-15 05:39:02 UTC (1529041142)
[   36.189117] BIOS EDD facility v0.16 2004-Jun-25, 0 devices found
[   36.189117] EDD information not available.
[   36.704142] input: AT Translated Set 2 keyboard as /devices/platform/i8042/serio0/input/input2
[   42.725246] Freeing unused kernel memory: 1512K
[   42.861404] Write protecting the kernel read-only data: 14336k
[   42.913566] Freeing unused kernel memory: 1688K
[   43.024429] Freeing unused kernel memory: 96K
Loading, please [   43.168912] random: systemd-udevd: uninitialized urandom read (16 bytes read, 7 bits of entropy available)
wait...
startin[   43.169918] random: udevadm: uninitialized urandom read (16 bytes read, 7 bits of entropy available)
g version 229
[   43.169944] random: udevadm: uninitialized urandom read (16 bytes read, 7 bits of entropy available)
[   43.194997] random: udevadm: uninitialized urandom read (16 bytes read, 7 bits of entropy available)
[   43.195056] random: udevadm: uninitialized urandom read (16 bytes read, 7 bits of entropy available)
[   43.195365] random: udevadm: uninitialized urandom read (16 bytes read, 7 bits of entropy available)
[   43.195454] random: udevadm: uninitialized urandom read (16 bytes read, 7 bits of entropy available)
[   43.195541] random: udevadm: uninitialized urandom read (16 bytes read, 7 bits of entropy available)
[   43.204283] random: udevadm: uninitialized urandom read (16 bytes read, 7 bits of entropy available)
[   43.204388] random: udevadm: uninitialized urandom read (16 bytes read, 7 bits of entropy available)
[   45.342524] e1000: Intel(R) PRO/1000 Network Driver - version 7.3.21-k8-NAPI
[   45.492033] e1000: Copyright (c) 1999-2006 Intel Corporation.
[   45.635071] Fusion MPT base driver 3.04.20
[   45.755143] Copyright (c) 1999-2008 LSI Corporation
[   45.854619] input: ImExPS/2 Generic Explorer Mouse as /devices/platform/i8042/serio1/input/input4
[   46.087322] Fusion MPT SPI Host driver 3.04.20
[   46.204152] AVX version of gcm_enc/dec engaged.
[   46.293593] AES CTR mode by8 optimization enabled
[   46.380132] e1000 0000:00:03.0 eth0: (PCI:33MHz:32-bit) 02:b0:72:86:cc:22
[   46.380139] e1000 0000:00:03.0 eth0: Intel(R) PRO/1000 Network Connection
[   46.443778] e1000 0000:00:03.0 enp0s3: renamed from eth0
[   46.444849] mptbase: ioc0: Initiating bringup
[   46.505811] ioc0: LSI53C1030 A0: Capabilities={Initiator}
[   47.222510] scsi host2: ioc0: LSI53C1030 A0, FwRev=00000000h, Ports=1, MaxQ=256, IRQ=20
[   47.590296] scsi 2:0:0:0: Direct-Access     VBOX     HARDDISK         1.0  PQ: 0 ANSI: 5
[   47.835362] scsi target2:0:0: Beginning Domain Validation
[   48.026085] scsi target2:0:0: Domain Validation skipping write tests
[   48.227924] scsi target2:0:0: Ending Domain Validation
[   48.407897] scsi target2:0:0: asynchronous
[   48.522819] scsi 2:0:1:0: Direct-Access     VBOX     HARDDISK         1.0  PQ: 0 ANSI: 5
[   48.743348] scsi target2:0:1: Beginning Domain Validation
[   48.919592] scsi target2:0:1: Domain Validation skipping write tests
[   49.071756] scsi target2:0:1: Ending Domain Validation
[   49.222729] scsi target2:0:1: asynchronous
[   49.343433] sd 2:0:0:0: Attached scsi generic sg0 type 0
[   49.469731] sd 2:0:0:0: [sda] 20971520 512-byte logical blocks: (10.7 GB/10.0 GiB)
[   49.708731] sd 2:0:1:0: Attached scsi generic sg1 type 0
[   49.837389] sd 2:0:1:0: [sdb] 20480 512-byte logical blocks: (10.5 MB/10.0 MiB)
[   50.042642] sd 2:0:0:0: [sda] Write Protect is off
[   50.145571] sd 2:0:0:0: [sda] Incomplete mode parameter data
[   50.195040] sd 2:0:0:0: [sda] Assuming drive cache: write through
[   50.196490] sd 2:0:1:0: [sdb] Write Protect is off
[   50.197282] sd 2:0:1:0: [sdb] Incomplete mode parameter data
[   50.197284] sd 2:0:1:0: [sdb] Assuming drive cache: write through
[   50.356572] sd 2:0:1:0: [sdb] Attached SCSI disk
[   50.674525]  sda: sda1
[   50.749463] sd 2:0:0:0: [sda] Attached SCSI disk
Begin: Loading e[   52.425101] md: linear personality registered for level -1
ssential drivers[   52.572738] md: multipath personality registered for level -4
 ... [   52.764541] md: raid0 personality registered for level 0
[   52.885816] md: raid1 personality registered for level 1
[   53.141327] raid6: sse2x1   gen()  4983 MB/s
[   53.313217] raid6: sse2x1   xor()  3069 MB/s
[   53.513241] raid6: sse2x2   gen()  7145 MB/s
[   53.689206] raid6: sse2x2   xor()  4192 MB/s
[   53.881262] raid6: sse2x4   gen()  8007 MB/s
[   53.981496] raid6: sse2x4   xor()  3603 MB/s
[   54.053832] raid6: using algorithm sse2x4 gen() 8007 MB/s
[   54.196073] raid6: .... xor() 3603 MB/s, rmw enabled
[   54.309327] raid6: using ssse3x2 recovery algorithm
[   54.472150] xor: automatically using best checksumming function:
[   54.689334]    avx       : 14935.000 MB/sec
[   54.835349] async_tx: api initialized (async)
[   54.995464] md: raid6 personality registered for level 6
[   55.154562] md: raid5 personality registered for level 5
[   55.285167] md: raid4 personality registered for level 4
[   55.377682] md: raid10 personality registered for level 10
done.
Begin: Running /scripts/init-premount ... done[   55.604138] Btrfs loaded
.
Begin: Mounting root file sys[   55.724328] EXT4-fs (sda1): mounted filesystem with ordered data mode. Opts: (null)
tem ... Begin: Running /scripts/local-top ... done.
Begin: Running /scripts/local-premount ... Scanning for Btrfs filesystems
done.
Warning: fsck not present, so skipping root file system
done.
Begin: Running /scripts/local-bottom ... done.
Begin: Running /scripts/init-bottom ... done.
[   56.375225] systemd[1]: systemd 229 running in system mode. (+PAM +AUDIT +SELINUX +IMA +APPARMOR +SMACK +SYSVINIT +UTMP +LIBCRYPTSETUP +GCRYPT +GNUTLS +ACL +XZ -LZ4 +SECCOMP +BLKID +ELFUTILS +KMOD -IDN)
[   56.924903] systemd[1]: Detected virtualization oracle.
[   57.118652] systemd[1]: Detected architecture x86-64.

Welcome to [1mUbuntu 16.04.4 LTS[0m!

[   57.350109] systemd[1]: Set hostname to <ubuntu-xenial>.
[   57.446581] random: nonblocking pool is initialized
[   57.713541] systemd[1]: Reached target User and Group Name Lookups.
[[0;32m  OK  [0m] Reached target User and Group Name Lookups.
[   57.949413] systemd[1]: Listening on Syslog Socket.
[[0;32m  OK  [0m] Listening on Syslog Socket.
[   58.179118] systemd[1]: Listening on Journal Socket.
[[0;32m  OK  [0m] Listening on Journal Socket.
[   58.266135] systemd[1]: Reached target Encrypted Volumes.
[[0;32m  OK  [0m] Reached target Encrypted Volumes.
[   58.477667] systemd[1]: Reached target Swap.
[[0;32m  OK  [0m] Reached target Swap.
[   58.609662] systemd[1]: Listening on LVM2 metadata daemon socket.
[[0;32m  OK  [0m] Listening on LVM2 metadata daemon socket.
[   58.786397] systemd[1]: Created slice System Slice.
[[0;32m  OK  [0m] Created slice System Slice.
[   58.921892] systemd[1]: Starting Uncomplicated firewall...
         Starting Uncomplicated firewall...
[   59.121875] systemd[1]: Starting Remount Root and Kernel File Systems...
         Startin[   59.338669] EXT4-fs (sda1): re-mounted. Opts: (null)
g Remount Root and Kernel File Systems...
[   59.581651] systemd[1]: Starting Set console keymap...
         Starting Set console keymap...
[   59.702045] systemd[1]: Started Trigger resolvconf update for networkd DNS.
[[0;32m  OK  [0m] Started Trigger resolvconf update for networkd DNS.
[   59.977848] systemd[1]: Listening on Device-mapper event daemon FIFOs.
[[0;32m  OK  [0m] Listening on Device-mapper event daemon FIFOs.
[   60.273718] systemd[1]: Listening on Journal Socket (/dev/log).
[[0;32m  OK  [0m] Listening on Journal Socket (/dev/log).
[   60.489670] systemd[1]: Listening on udev Control Socket.
[[0;32m  OK  [0m] Listening on udev Control Socket.
[   60.749671] systemd[1]: Mounting POSIX Message Queue File System...
         Mounting POSIX Message Queue File System...
[   60.961841] systemd[1]: Starting Nameserver information manager...
         Starting Nameserver information manager...
[   61.189836] systemd[1]: Listening on Journal Audit Socket.
[[0;32m  OK  [0m] Listening on Journal Audit Socket.
[   61.457672] systemd[1]: Starting Journal Service...
         Starting Journal Service...
[   61.665820] systemd[1]: Listening on LVM2 poll daemon socket.
[[0;32m  OK  [0m] Listening on LVM2 poll daemon socket.
[   61.917849] systemd[1]: Listening on udev Kernel Socket.
[[0;32m  OK  [0m] Listening on udev Kernel Socket.
[   62.117882] systemd[1]: Set up automount Arbitrary Executable File Formats File System Automount Point.
[[0;32m  OK  [0m] Set up automount Arbitrary Executab...ats File System Automount Point.
[   62.509565] systemd[1]: Starting Monitoring of LVM2 mirrors, snapshots etc. using dmeventd or progress polling...
         Starting Monitoring of LVM2 mirrors... dmeventd or progress polling...
[   62.829871] systemd[1]: Starting Create list of required static device nodes for the current kernel...
         Starting Create list of required st... nodes for the current kernel...
[   63.183862] systemd[1]: Reached target System Time Synchronized.
[[0;32m  OK  [0m] Reached target System Time Synchronized.
[   63.473511] systemd[1]: Starting Load Kernel Modules...
[   63.626977] Loading iSCSI transport class v2.0-870.
         Startin[   63.781296] iscsi: registered transport (tcp)
g Load Kernel Modules...
[   63.967419] iscsi: registered transport (iser)
[   64.133685] systemd[1]: Mounting Huge Pages File System...
         Mounting Huge Pages File System...
[   64.301818] systemd[1]: Started Forward Password Requests to Wall Directory Watch.
[[0;32m  OK  [0m] Started Forward Password Requests to Wall Directory Watch.
[   64.606423] systemd[1]: Created slice User and Session Slice.
[[0;32m  OK  [0m] Created slice User and Session Slice.
[   64.745851] systemd[1]: Reached target Slices.
[[0;32m  OK  [0m] Reached target Slices.
[   64.942365] systemd[1]: Created slice system-serial\x2dgetty.slice.
[[0;32m  OK  [0m] Created slice system-serial\x2dgetty.slice.
[   65.261672] systemd[1]: Mounting Debug File System...
         Mounting Debug File System...
[   65.457955] systemd[1]: Listening on /dev/initctl Compatibility Named Pipe.
[[0;32m  OK  [0m] Listening on /dev/initctl Compatibility Named Pipe.
[   65.759670] systemd[1]: Mounted Debug File System.
[[0;32m  OK  [0m] Mounted Debug File System.
[   65.977533] systemd[1]: Mounted POSIX Message Queue File System.
[[0;32m  OK  [0m] Mounted POSIX Message Queue File System.
[   66.261978] systemd[1]: Mounted Huge Pages File System.
[[0;32m  OK  [0m] Mounted Huge Pages File System.
[   66.501909] systemd[1]: Started Journal Service.
[[0;32m  OK  [0m] Started Journal Service.
[[0;32m  OK  [0m] Started Uncomplicated firewall.
[[0;32m  OK  [0m] Started Remount Root and Kernel File Systems.
[[0;32m  OK  [0m] Started Set console keymap.
[[0;32m  OK  [0m] Started Create list of required sta...ce nodes for the current kernel.
[[0;32m  OK  [0m] Started Load Kernel Modules.
[[0;32m  OK  [0m] Started Nameserver information manager.
[[0;32m  OK  [0m] Started LVM2 metadata daemon.
         Starting Apply Kernel Variables...
         Mounting FUSE Control File System...
         Starting Create Static Device Nodes in /dev...
         Starting Load/Save Random Seed...
         Starting udev Coldplug all Devices...
         Starting Flush Journal to Persistent Storage...
[[0;32m  OK  [0m] Mounted FUSE Control File System.
[[0;32m  OK  [0m] Started Monitoring of LVM2 mirrors,...ng dmeventd or progress polling.
[[0;32m  OK  [0m] Started Apply Kernel Variables.
[[0;32m  OK  [0m] Started Create Static Device Nodes in /dev.
[[0;32m  OK  [0m] Started Load/Save Random Seed.
[[0;32m  OK  [0m] Started Flush Journal to Persistent Storage.
[[0;32m  OK  [0m] Started udev Coldplug all Devices.
         Starting udev Kernel Device Manager...
[[0;32m  OK  [0m] Started udev Kernel Device Manager.
[[0;32m  OK  [0m] Started Dispatch Password Requests to Console Directory Watch.
[[0;32m  OK  [0m] Reached target Local File Systems (Pre).
[[0;32m  OK  [0m] Reached target Local File Systems.
         Starting Initial cloud-init job (pre-networking)...
         Starting Set console font and keymap...
         Starting LSB: AppArmor initialization...
         Starting Tell Plymouth To Write Out Runtime Data...
         Starting Create Volatile Files and Directories...
[[0;32m  OK  [0m] Started Tell Plymouth To Write Out Runtime Data.
[   41.142096] cloud-init[543]: Cloud-init v. 18.2 running 'init-local' at Fri, 15 Jun 2018 05:39:36 +0000. Up 40.63 seconds.
[[0;32m  OK  [0m] Started Create Volatile Files and Directories.
[[0;32m  OK  [0m] Started Set console font and keymap.
[[0;32m  OK  [0m] Started Initial cloud-init job (pre-networking).
[[0;32m  OK  [0m] Found device /dev/ttyS0.
[[0;32m  OK  [0m] Listening on Load/Save RF Kill Switch Status /dev/rfkill Watch.
[[0;32m  OK  [0m] Reached target Network (Pre).
[[0;32m  OK  [0m] Created slice system-getty.slice.
         Starting Update UTMP about System Boot/Shutdown...
[[0;32m  OK  [0m] Started LSB: AppArmor initialization.
         Starting Raise network interfaces...
[[0;32m  OK  [0m] Started ifup for enp0s3.
[[0;32m  OK  [0m] Started Update UTMP about System Boot/Shutdown.
[[0;32m  OK  [0m] Started Raise network interfaces.
[[0;32m  OK  [0m] Reached target Network.
         Starting Initial cloud-init job (metadata service crawler)...
[   43.614304] cloud-init[982]: Cloud-init v. 18.2 running 'init' at Fri, 15 Jun 2018 05:39:38 +0000. Up 43.16 seconds.
[   43.777070] cloud-init[982]: ci-info: +++++++++++++++++++++++++++++++++++++Net device info++++++++++++++++++++++++++++++++++++++
[   43.949159] cloud-init[982]: ci-info: +--------+------+----------------------------+---------------+-------+-------------------+
[[0;32m  OK  [0m] Started Initial cloud-init job (metadata service crawler).
[   44.120482] [cloud-init[0;32m  OK  [0m[982]: ] ci-info: | Device |  Up  |          Address           |      Mask     | Scope |     Hw-Address    |Reached target System Initialization.

[   44.466312] [cloud-init[0;32m  OK  [0m[982]: ] ci-info: +--------+------+----------------------------+---------------+-------+-------------------+Listening on D-Bus System Message Bus Socket.

[   44.720555]          cloud-initStarting Socket activation for snappy daemon.[982]: 
ci-info: | enp0s3 | True |         10.0.2.15          | 255.255.255.0 |   .   | 02:b0:72:86:cc:22 |
[   44.968659] [cloud-init[0;32m  OK  [0m[982]: ] ci-info: | enp0s3 | True | fe80::b0:72ff:fe86:cc22/64 |       .       |  link | 02:b0:72:86:cc:22 |Started Daily apt download activities.

[   44.969127] [cloud-init[0;32m  OK  [0m[982]: ] ci-info: |   lo   | True |         127.0.0.1          |   255.0.0.0   |   .   |         .         |Started Daily apt upgrade and clean activities.

[   45.247818] [cloud-init[0;32m  OK  [0m[982]: ] ci-info: |   lo   | True |          ::1/128           |       .       |  host |         .         |Started Daily Cleanup of Temporary Directories.

[   45.485006] cloud-init[982]: ci-info: +--------+------+----------------------------+---------------+-------+-------------------+
[   45.888595] [cloud-init[0;32m  OK  [0m[982]: ] ci-info: +++++++++++++++++++++++++++Route IPv4 info++++++++++++++++++++++++++++Started ACPI Events Check.

[   46.108659] [cloud-init[0;32m  OK  [0m[982]: ] ci-info: +-------+-------------+----------+---------------+-----------+-------+Reached target Paths.

[   46.109168] cloud-init[[0;32m  OK  [0m] Listening on ACPID Listen Socket.
[[0;32m  OK  [0m] Listening on UUID daemon activation socket.
[982]: ci-info: | Route | Destination | Gateway  |    Genmask    | Interface | Flags |
[   46.536367]          cloud-initStarting LXD - unix socket.[982]: 
ci-info: +-------+-------------+----------+---------------+-----------+-------+
[   46.740432] [cloud-init[0;32m  OK  [0m[982]: ] ci-info: |   0   |   0.0.0.0   | 10.0.2.2 |    0.0.0.0    |   enp0s3  |   UG  |Reached target Timers.

[   46.740931] [cloud-init[0;32m  OK  [0m[982]: ] ci-info: |   1   |   10.0.2.0  | 0.0.0.0  | 255.255.255.0 |   enp0s3  |   U   |Reached target Network is Online.

[   47.156537]          cloud-initStarting iSCSI initiator daemon (iscsid)...[982]: 
ci-info: +-------+-------------+----------+---------------+-----------+-------+
[[0;32m  OK  [0m] Reached target Cloud-config availability.
[[0;32m  OK  [0m] Listening on Socket activation for snappy daemon.
[[0;32m  OK  [0m] Listening on LXD - unix socket.
[[0;32m  OK  [0m] Reached target Sockets.
[[0;32m  OK  [0m] Reached target Basic System.
         Starting LXD - container startup/shutdown...
[[0;32m  OK  [0m] Started FUSE filesystem for LXC.
         Starting Apply the settings specified in cloud-config...
         Starting /etc/rc.local Compatibility...
         Starting System Logging Service...
[[0;32m  OK  [0m] Started ACPI event daemon.
         Starting Login Service...
[[0;32m  OK  [0m] Started Deferred execution scheduler.
         Starting LSB: MD monitoring daemon...
         Starting Accounts Service...
[[0;32m  OK  [0m] Started Unattended Upgrades Shutdown.
         Starting LSB: Record successful boot for GRUB...
         Starting OpenBSD Secure Shell server...
[[0;32m  OK  [0m] Started Regular background program processing daemon.
[   48.813159] cloud-init[1049]: Cloud-init v. 18.2 running 'modules:config' at Fri, 15 Jun 2018 05:39:44 +0000. Up 48.54 seconds.
[[0;32m  OK  [0m] Started D-Bus System Message Bus.
         Starting Virtualbox guest utils...
         Starting Snappy daemon...
[[0;32m  OK  [0m] Started System Logging Service.
[[0;32m  OK  [0m] Started OpenBSD Secure Shell server.
[[0;32m  OK  [0m] Started Snappy daemon.
[[0;32m  OK  [0m] Started iSCSI initiator daemon (iscsid).
[[0;32m  OK  [0m] Started LXD - container startup/shutdown.
[[0;32m  OK  [0m] Started Apply the settings specified in cloud-config.
[[0;32m  OK  [0m] Started /etc/rc.local Compatibility.
[[0;32m  OK  [0m] Started LSB: MD monitoring daemon.
[[0;32m  OK  [0m] Started LSB: Record successful boot for GRUB.
[[0;32m  OK  [0m] Started Login Service.
         Starting Authenticate and Authorize Users to Run Privileged Tasks...
         Starting Login to default iSCSI targets...
         Starting Wait until snapd is fully seeded...
[[0;32m  OK  [0m] Started Virtualbox guest utils.
[[0;32m  OK  [0m] Started Wait until snapd is fully seeded.
[[0;32m  OK  [0m] Started Authenticate and Authorize Users to Run Privileged Tasks.
[[0;32m  OK  [0m] Started Accounts Service.
[[0;32m  OK  [0m] Started Login to default iSCSI targets.
[[0;32m  OK  [0m] Reached target Remote File Systems (Pre).
[[0;32m  OK  [0m] Reached target Remote File Systems.
         Starting LSB: automatic crash report generation...
         Starting LSB: daemon to balance interrupts for SMP systems...
         Starting LSB: Set the CPU Frequency Scaling governor to "ondemand"...
         Starting Permit User Sessions...
[[0;32m  OK  [0m] Started Permit User Sessions.
         Starting Terminate Plymouth Boot Screen...
         Starting Hold until boot process finishes up...
[[0;32m  OK  [0m] Started LSB: automatic crash report generation.
[[0;32m  OK  [0m] Started LSB: daemon to balance interrupts for SMP systems.
[[0;32m  OK  [0m] Started LSB: Set the CPU Frequency Scaling governor to "ondemand".
[[0;32m  OK  [0m] Started Terminate Plymouth Boot Screen.
[[0;32m  OK  [0m] Started Hold until boot process finishes up.
[[0;32m  OK  [0m] Started Getty on tty1.
         Starting Set console scheme...
[[0;32m  OK  [0m] Started Serial Getty on ttyS0.
[[0;32m  OK  [0m] Reached target Login Prompts.
[[0;32m  OK  [0m] Reached target Multi-User System.
         Starting Execute cloud user/final scripts...
[[0;32m  OK  [0m] Reached target Graphical Interface.
         Starting Update UTMP about System Runlevel Changes...
[[0;32m  OK  [0m] Started Set console scheme.
[[0;32m  OK  [0m] Started Update UTMP about System Runlevel Changes.
[   53.241626] cloud-init[1224]: Cloud-init v. 18.2 running 'modules:final' at Fri, 15 Jun 2018 05:39:48 +0000. Up 52.98 seconds.
[   53.412906] cloud-init[1224]: Cloud-init v. 18.2 finished at Fri, 15 Jun 2018 05:39:48 +0000. Datasource DataSourceNoCloud [seed=/dev/sdb][dsmode=net].  Up 53.22 seconds
[[0;32m  OK  [0m] Started Execute cloud user/final scripts.
[[0;32m  OK  [0m] Reached target Cloud-init target.

Ubuntu 16.04.4 LTS ubuntu-xenial ttyS0

ubuntu-xenial login: 