[    0.000000] Initializing cgroup subsys cpuset
[    0.000000] Initializing cgroup subsys cpu
[    0.000000] Initializing cgroup subsys cpuacct
[    0.000000] Linux version 4.4.0-128-generic (buildd@lcy01-amd64-019) (gcc version 5.4.0 20160609 (Ubuntu 5.4.0-6ubuntu1~16.04.9) ) #154-Ubuntu SMP Fri May 25 14:15:18 UTC 2018 (Ubuntu 4.4.0-128.154-generic 4.4.131)
[    0.000000] Command line: BOOT_IMAGE=/boot/vmlinuz-4.4.0-128-generic root=LABEL=cloudimg-rootfs ro console=tty1 console=ttyS0
[    0.000000] KERNEL supported cpus:
[    0.000000]   Intel GenuineIntel
[    0.000000]   AMD AuthenticAMD
[    0.000000]   Centaur CentaurHauls
[    0.000000] ------------[ cut here ]------------
[    0.000000] WARNING: CPU: 0 PID: 0 at /build/linux-prqDW9/linux-4.4.0/arch/x86/kernel/fpu/xstate.c:517 fpu__init_system_xstate+0x38b/0x75a()
[    0.000000] XSAVE consistency problem, dumping leaves
[    0.000000] Modules linked in:
[    0.000000] CPU: 0 PID: 0 Comm: swapper Not tainted 4.4.0-128-generic #154-Ubuntu
[    0.000000]  0000000000000086 df0fe93af01737b9 ffffffff81e03d70 ffffffff81401473
[    0.000000]  ffffffff81e03db8 ffffffff81cacb08 ffffffff81e03da8 ffffffff81084432
[    0.000000]  ffffffff81e03e38 ffffffff81e03e3c 0000000000000008 0000000000000100
[    0.000000] Call Trace:
[    0.000000]  [<ffffffff81401473>] dump_stack+0x63/0x90
[    0.000000]  [<ffffffff81084432>] warn_slowpath_common+0x82/0xc0
[    0.000000]  [<ffffffff810844cc>] warn_slowpath_fmt+0x5c/0x80
[    0.000000]  [<ffffffff8107ffeb>] ? xfeature_size+0x59/0x77
[    0.000000]  [<ffffffff81f732b1>] fpu__init_system_xstate+0x38b/0x75a
[    0.000000]  [<ffffffff81f63120>] ? early_idt_handler_array+0x120/0x120
[    0.000000]  [<ffffffff81f72c1c>] fpu__init_system+0x10b/0x243
[    0.000000]  [<ffffffff81f73e46>] early_cpu_init+0x1da/0x1e0
[    0.000000]  [<ffffffff81f73e46>] ? early_cpu_init+0x1da/0x1e0
[    0.000000]  [<ffffffff81f6f1a6>] setup_arch+0xb4/0xd13
[    0.000000]  [<ffffffff81f63120>] ? early_idt_handler_array+0x120/0x120
[    0.000000]  [<ffffffff81f63c75>] start_kernel+0xe2/0x4a4
[    0.000000]  [<ffffffff81f63120> ? early_idt_handler_array+0x120/0x120
[    0.000000]  [<ffffffff81f63339>] x86_64_start_reservations+0x2a/0x2c
[    0.000000]  [<ffffffff81f63485>] x86_64_start_kernel+0x14a/0x16d
[    0.000000] ---[ end trace 4d5ff9f2f68c4233 ]---
[    0.000000] CPUID[0d, 00]: eax=00000007 ebx=00000440 ecx=00000440 edx=00000000
[    0.000000] CPUID[0d, 01]: eax=00000000 ebx=000003c0 ecx=00000000 edx=00000000
[    0.000000] CPUID[0d, 02]: eax=00000100 ebx=00000240 ecx=00000000 edx=00000000
[    0.000000] CPUID[0d, 03]: eax=00000000 ebx=00000000 ecx=00000000 edx=00000000
[    0.000000] CPUID[0d, 04]: eax=00000000 ebx=00000000 ecx=00000000 edx=00000000
[    0.000000] CPUID[0d, 05]: eax=00000000 ebx=00000000 ecx=00000000 edx=00000000
[    0.000000] CPUID[0d, 06]: eax=00000000 ebx=00000000 ecx=00000000 edx=00000000
[    0.000000] CPUID[0d, 07]: eax=00000000 ebx=00000000 ecx=00000000 edx=00000000
[    0.000000] CPUID[0d, 08]: eax=00000000 ebx=00000000 ecx=00000000 edx=00000000
[    0.000000] CPUID[0d, 09]: eax=00000000 ebx=00000000 ecx=00000000 edx=00000000
[    0.000000] CPUID[0d, 0a]: eax=00000000 ebx=00000000 ecx=00000000 edx=00000000
[    0.000000] CPUID[0d, 0b]: eax=00000000 ebx=00000000 ecx=00000000 edx=00000000
[    0.000000] CPUID[0d, 0c]: eax=00000000 ebx=00000000 ecx=00000000 edx=00000000
[    0.000000] CPUID[0d, 0d]: eax=00000000 ebx=00000000 ecx=00000000 edx=00000000
[    0.000000] CPUID[0d, 0e]: eax=00000000 ebx=00000000 ecx=00000000 edx=00000000
[    0.000000] CPUID[0d, 0f]: eax=00000000 ebx=00000000 ecx=00000000 edx=00000000
[    0.000000] CPUID[0d, 10]: eax=00000000 ebx=00000000 ecx=00000000 edx=00000000
[    0.000000] CPUID[0d, 11]: eax=00000000 ebx=00000000 ecx=00000000 edx=00000000
[    0.000000] x86/fpu: xstate_offset[2]:  576, xstate_sizes[2]:  256
[    0.000000] x86/fpu: Supporting XSAVE feature 0x01: 'x87 floating point registers'
[    0.000000] x86/fpu: Supporting XSAVE feature 0x02: 'SSE registers'
[    0.000000] x86/fpu: Supporting XSAVE feature 0x04: 'AVX registers'
[    0.000000] x86/fpu: Enabled xstate features 0x7, context size is 1088 bytes, using 'standard' format.
[    0.000000] x86/fpu: Using 'lazy' FPU context switches.
[    0.000000] e820: BIOS-provided physical RAM map:
[    0.000000] BIOS-e820: [mem 0x0000000000000000-0x000000000009fbff] usable
[    0.000000] BIOS-e820: [mem 0x000000000009fc00-0x000000000009ffff] reserved
[    0.000000] BIOS-e820: [mem 0x00000000000f0000-0x00000000000fffff] reserved
[    0.000000] BIOS-e820: [mem 0x0000000000100000-0x000000003ffeffff] usable
[    0.000000] BIOS-e820: [mem 0x000000003fff0000-0x000000003fffffff] ACPI data
[    0.000000] BIOS-e820: [mem 0x00000000fec00000-0x00000000fec00fff] reserved
[    0.000000] BIOS-e820: [mem 0x00000000fee00000-0x00000000fee00fff] reserved
[    0.000000] BIOS-e820: [mem 0x00000000fffc0000-0x00000000ffffffff] reserved
[    0.000000] NX (Execute Disable) protection: active
[    0.000000] SMBIOS 2.5 present.
[    0.000000] Hypervisor detected: KVM
[    0.000000] e820: last_pfn = 0x3fff0 max_arch_pfn = 0x400000000
[    0.000000] MTRR: Disabled
[    0.000000] x86/PAT: MTRRs disabled, skipping PAT initialization too.
[    0.000000] CPU MTRRs all blank - virtualized system.
[    0.000000] x86/PAT: Configuration [0-7]: WB  WT  UC- UC  WB  WT  UC- UC  
[    0.000000] found SMP MP-table at [mem 0x0009fff0-0x0009ffff] mapped at [ffff88000009fff0]
[    0.000000] Scanning 1 areas for low memory corruption
[    0.000000] RAMDISK: [mem 0x36aa2000-0x37548fff]
[    0.000000] ACPI: Early table checksum verification disabled
[    0.000000] ACPI: RSDP 0x00000000000E0000 000024 (v02 VBOX  )
[    0.000000] ACPI: XSDT 0x000000003FFF0030 00003C (v01 VBOX   VBOXXSDT 00000001 ASL  00000061)
[    0.000000] ACPI: FACP 0x000000003FFF00F0 0000F4 (v04 VBOX   VBOXFACP 00000001 ASL  00000061)
[    0.000000] ACPI: DSDT 0x000000003FFF0470 0021FF (v02 VBOX   VBOXBIOS 00000002 INTL 20100528)
[    0.000000] ACPI: FACS 0x000000003FFF0200 000040
[    0.000000] ACPI: FACS 0x000000003FFF0200 000040
[    0.000000] ACPI: APIC 0x000000003FFF0240 00005C (v02 VBOX   VBOXAPIC 00000001 ASL  00000061)
[    0.000000] ACPI: SSDT 0x000000003FFF02A0 0001CC (v01 VBOX   VBOXCPUT 00000002 INTL 20100528)
[    0.000000] No NUMA configuration found
[    0.000000] Faking a node at [mem 0x0000000000000000-0x000000003ffeffff]
[    0.000000] NODE_DATA(0) allocated [mem 0x3ffeb000-0x3ffeffff]
[    0.000000] kvm-clock: Using msrs 4b564d01 and 4b564d00
[    0.000000] kvm-clock: cpu 0, msr 0:3ffe3001, primary cpu clock
[    0.000000] kvm-clock: using sched offset of 3719935275 cycles
[    0.000000] clocksource: kvm-clock: mask: 0xffffffffffffffff max_cycles: 0x1cd42e4dffb, max_idle_ns: 881590591483 ns
[    0.000000] Zone ranges:
[    0.000000]   DMA      [mem 0x0000000000001000-0x0000000000ffffff]
[    0.000000]   DMA32    [mem 0x0000000001000000-0x000000003ffeffff]
[    0.000000]   Normal   empty
[    0.000000]   Device   empty
[    0.000000] Movable zone start for each node
[    0.000000] Early memory node ranges
[    0.000000]   node   0: [mem 0x0000000000001000-0x000000000009efff]
[    0.000000]   node   0: [mem 0x0000000000100000-0x000000003ffeffff]
[    0.000000] Initmem setup node 0 [mem 0x0000000000001000-0x000000003ffeffff]
[    0.000000] ACPI: PM-Timer IO Port: 0x4008
[    0.000000] IOAPIC[0]: apic_id 2, version 32, address 0xfec00000, GSI 0-23
[    0.000000] ACPI: INT_SRC_OVR (bus 0 bus_irq 0 global_irq 2 dfl dfl)
[    0.000000] ACPI: INT_SRC_OVR (bus 0 bus_irq 9 global_irq 9 high level)
[    0.000000] Using ACPI (MADT) for SMP configuration information
[    0.000000] smpboot: Allowing 2 CPUs, 0 hotplug CPUs
[    0.000000] PM: Registered nosave memory: [mem 0x00000000-0x00000fff]
[    0.000000] PM: Registered nosave memory: [mem 0x0009f000-0x0009ffff]
[    0.000000] PM: Registered nosave memory: [mem 0x000a0000-0x000effff]
[    0.000000] PM: Registered nosave memory: [mem 0x000f0000-0x000fffff]
[    0.000000] e820: [mem 0x40000000-0xfebfffff] available for PCI devices
[    0.000000] Booting paravirtualized kernel on KVM
[    0.000000] clocksource: refined-jiffies: mask: 0xffffffff max_cycles: 0xffffffff, max_idle_ns: 7645519600211568 ns
[    0.000000] setup_percpu: NR_CPUS:512 nr_cpumask_bits:512 nr_cpu_ids:2 nr_node_ids:1
[    0.000000] PERCPU: Embedded 34 pages/cpu @ffff88003fc00000 s99544 r8192 d31528 u1048576
[    0.000000] PV qspinlock hash table entries: 256 (order: 0, 4096 bytes)
[    0.000000] Built 1 zonelists in Node order, mobility grouping on.  Total pages: 257912
[    0.000000] Policy zone: DMA32
[    0.000000] Kernel command line: BOOT_IMAGE=/boot/vmlinuz-4.4.0-128-generic root=LABEL=cloudimg-rootfs ro console=tty1 console=ttyS0
[    0.000000] PID hash table entries: 4096 (order: 3, 32768 bytes)
[    0.000000] Memory: 1001612K/1048120K available (8541K kernel code, 1313K rwdata, 4000K rodata, 1512K init, 1316K bss, 46508K reserved, 0K cma-reserved)
[    0.000000] SLUB: HWalign=64, Order=0-3, MinObjects=0, CPUs=2, Nodes=1
[    0.000000] Kernel/User page tables isolation: enabled
[    0.000000] Hierarchical RCU implementation.
[    0.000000] 	Build-time adjustment of leaf fanout to 64.
[    0.000000] 	RCU restricting CPUs from NR_CPUS=512 to nr_cpu_ids=2.
[    0.000000] RCU: Adjusting geometry for rcu_fanout_leaf=64, nr_cpu_ids=2
[    0.000000] NR_IRQS:33024 nr_irqs:440 16
[    0.000000] Console: colour VGA+ 80x25
[    0.000000] console [tty1] enabled
[    0.000000] console [ttyS0] enabled
[    0.000000] tsc: Detected 2399.998 MHz processor
[   23.070370] Calibrating delay loop (skipped) preset value.. 4799.99 BogoMIPS (lpj=9599992)
[   23.374544] pid_max: default: 32768 minimum: 301
[   23.464557] ACPI: Core revision 20150930
[   23.580439] ACPI: 2 ACPI AML tables successfully acquired and loaded
[   23.614570] Security Framework initialized
[   23.639378] Yama: becoming mindful.
[   23.729734] AppArmor: AppArmor initialized
[   23.747369] Dentry cache hash table entries: 131072 (order: 8, 1048576 bytes)
[   23.846961] Inode-cache hash table entries: 65536 (order: 7, 524288 bytes)
[   24.020139] Mount-cache hash table entries: 2048 (order: 2, 16384 bytes)
[   24.238911] Mountpoint-cache hash table entries: 2048 (order: 2, 16384 bytes)
[   24.479966] Initializing cgroup subsys io
[   24.525554] Initializing cgroup subsys memory
[   24.686320] Initializing cgroup subsys devices
[   24.830863] Initializing cgroup subsys freezer
[   24.859180] Initializing cgroup subsys net_cls
[   24.913035] Initializing cgroup subsys perf_event
[   25.084797] Initializing cgroup subsys net_prio
[   25.134777] Initializing cgroup subsys hugetlb
[   25.137844] Initializing cgroup subsys pids
[   25.235878] CPU: Physical Processor ID: 0
[   25.389071] CPU: Processor Core ID: 0
[   25.516642] mce: CPU supports 0 MCE banks
[   25.665838] Last level iTLB entries: 4KB 64, 2MB 8, 4MB 8
[   25.820027] Last level dTLB entries: 4KB 64, 2MB 0, 4MB 0, 1GB 4
[   25.968300] Spectre V2 : Mitigation: Full generic retpoline
[   25.993697] Spectre V2 : Speculation control IBPB not-supported IBRS not-supported
[   26.041367] Spectre V2 : Filling RSB on context switch
[   26.140460] Speculative Store Bypass: Vulnerable
[   26.185711] Freeing SMP alternatives memory: 32K
[   26.251636] ftrace: allocating 32236 entries in 126 pages
[   26.351416] smpboot: APIC(0) Converting physical 0 to logical package 0
[   26.458355] smpboot: Max logical packages: 1
[   26.488389] x2apic enabled
[   26.545548] Switched APIC routing to physical x2apic.
[   26.624574] ..TIMER: vector=0x30 apic1=0 pin1=2 apic2=-1 pin2=-1
[   26.746819] smpboot: CPU0: Intel(R) Core(TM) i5-6200U CPU @ 2.30GHz (family: 0x6, model: 0x4e, stepping: 0x3)
[   27.077646] Performance Events: unsupported p6 CPU model 78 no PMU driver, software events only.
[   27.139397] KVM setup paravirtual spinlock
[   27.157078] x86: Booting SMP configuration:
[   27.192361] .... node  #0, CPUs:      #1
[   27.202858] kvm-clock: cpu 1, msr 0:3ffe3041, secondary cpu clock
[   27.236761] mce: CPU supports 0 MCE banks
[   27.262064] x86: Booted up 1 node, 2 CPUs
[   27.385334] smpboot: Total of 2 processors activated (9599.99 BogoMIPS)
[   27.463762] devtmpfs: initialized
[   27.484282] evm: security.selinux
[   27.539700] evm: security.SMACK64
[   27.570191] evm: security.SMACK64EXEC
[   27.617652] evm: security.SMACK64TRANSMUTE
[   27.621944] evm: security.SMACK64MMAP
[   27.647043] evm: security.ima
[   27.649243] evm: security.capability
[   27.656887] clocksource: jiffies: mask: 0xffffffff max_cycles: 0xffffffff, max_idle_ns: 7645041785100000 ns
[   27.846379] futex hash table entries: 512 (order: 3, 32768 bytes)
[   27.909706] pinctrl core: initialized pinctrl subsystem
[   27.989358] RTC time:  4:32:36, date: 06/19/18
[   28.011723] NET: Registered protocol family 16
[   28.134335] cpuidle: using governor ladder
[   28.202306] cpuidle: using governor menu
[   28.310517] PCCT header not found.
[   28.315561] ACPI: bus type PCI registered
[   28.327574] acpiphp: ACPI Hot Plug PCI Controller Driver version: 0.5
[   28.357005] PCI: Using configuration type 1 for base access
[   28.427663] ACPI: Added _OSI(Module Device)
[   28.508668] ACPI: Added _OSI(Processor Device)
[   28.560276] ACPI: Added _OSI(3.0 _SCP Extensions)
[   28.655097] ACPI: Added _OSI(Processor Aggregator Device)
[   28.761767] ACPI: Executed 1 blocks of module-level executable AML code
[   28.876390] ACPI: Interpreter enabled
[   28.907723] ACPI: (supports S0 S5)
[   28.939188] ACPI: Using IOAPIC for interrupt routing
[   28.983361] PCI: Using host bridge windows from ACPI; if necessary, use "pci=nocrs" and report a bug
[   29.248767] ACPI: PCI Root Bridge [PCI0] (domain 0000 [bus 00-ff])
[   29.336920] acpi PNP0A03:00: _OSC: OS supports [ASPM ClockPM Segments MSI]
[   29.524938] acpi PNP0A03:00: _OSC: not requesting OS control; OS requires [ExtendedConfig ASPM ClockPM MSI]
[   29.808553] acpi PNP0A03:00: fail to add MMCONFIG information, can't access extended PCI configuration space under this bridge.
[   29.988363] PCI host bridge to bus 0000:00
[   29.995608] pci_bus 0000:00: root bus resource [io  0x0000-0x0cf7 window]
[   30.056042] pci_bus 0000:00: root bus resource [io  0x0d00-0xffff window]
[   30.089400] pci_bus 0000:00: root bus resource [mem 0x000a0000-0x000bffff window]
[   30.157869] pci_bus 0000:00: root bus resource [mem 0x40000000-0xffdfffff window]
[   30.336243] pci_bus 0000:00: root bus resource [bus 00-ff]
[   30.399530] pci 0000:00:01.1: legacy IDE quirk: reg 0x10: [io  0x01f0-0x01f7]
[   30.465919] pci 0000:00:01.1: legacy IDE quirk: reg 0x14: [io  0x03f6]
[   30.502382] pci 0000:00:01.1: legacy IDE quirk: reg 0x18: [io  0x0170-0x0177]
[   30.565205] pci 0000:00:01.1: legacy IDE quirk: reg 0x1c: [io  0x0376]
[   30.774495] pci 0000:00:07.0: quirk: [io  0x4000-0x403f] claimed by PIIX4 ACPI
[   30.821491] pci 0000:00:07.0: quirk: [io  0x4100-0x410f] claimed by PIIX4 SMB
[   30.971397] ACPI: PCI Interrupt Link [LNKA] (IRQs 5 9 10 *11)
[   31.154938] ACPI: PCI Interrupt Link [LNKB] (IRQs 5 9 10 *11)
[   31.292382] ACPI: PCI Interrupt Link [LNKC] (IRQs 5 9 *10 11)
[   31.327733] ACPI: PCI Interrupt Link [LNKD] (IRQs 5 *9 10 11)
[   31.401423] ACPI: Enabled 2 GPEs in block 00 to 07
[   31.559142] vgaarb: setting as boot device: PCI:0000:00:02.0
[   31.777495] vgaarb: device added: PCI:0000:00:02.0,decodes=io+mem,owns=io+mem,locks=none
[   32.064278] vgaarb: loaded
[   32.164027] vgaarb: bridge control possible 0000:00:02.0
[   32.338193] SCSI subsystem initialized
[   32.461162] ACPI: bus type USB registered
[   32.585116] usbcore: registered new interface driver usbfs
[   32.767945] usbcore: registered new interface driver hub
[   32.964089] usbcore: registered new device driver usb
[   33.148811] PCI: Using ACPI for IRQ routing
[   33.295932] NetLabel: Initializing
[   33.401496] NetLabel:  domain hash size = 128
[   33.536100] NetLabel:  protocols = UNLABELED CIPSOv4
[   33.716580] NetLabel:  unlabeled traffic allowed by default
[   33.908158] amd_nb: Cannot enumerate AMD northbridges
[   34.063007] clocksource: Switched to clocksource kvm-clock
[   34.237659] AppArmor: AppArmor Filesystem Enabled
[   34.357610] pnp: PnP ACPI init
[   34.477584] pnp: PnP ACPI: found 3 devices
[   34.630344] clocksource: acpi_pm: mask: 0xffffff max_cycles: 0xffffff, max_idle_ns: 2085701024 ns
[   34.886956] NET: Registered protocol family 2
[   34.921952] TCP established hash table entries: 8192 (order: 4, 65536 bytes)
[   35.159213] TCP bind hash table entries: 8192 (order: 5, 131072 bytes)
[   35.417410] TCP: Hash tables configured (established 8192 bind 8192)
[   35.661783] UDP hash table entries: 512 (order: 2, 16384 bytes)
[   35.822702] UDP-Lite hash table entries: 512 (order: 2, 16384 bytes)
[   36.044774] NET: Registered protocol family 1
[   36.138508] pci 0000:00:00.0: Limiting direct PCI/PCI transfers
[   36.316145] pci 0000:00:01.0: Activating ISA DMA hang workarounds
[   36.553966] Unpacking initramfs...
[   38.827315] Freeing initrd memory: 10908K
[   38.982565] platform rtc_cmos: registered platform RTC device (no PNP device found)
[   39.287424] Scanning for low memory corruption every 60 seconds
[   39.501425] audit: initializing netlink subsys (disabled)
[   39.688061] audit: type=2000 audit(1529382740.104:1): initialized
[   39.911176] Initialise system trusted keyring
[   40.071013] tsc: Refined TSC clocksource calibration: 2399.037 MHz
[   40.230331] clocksource: tsc: mask: 0xffffffffffffffff max_cycles: 0x2294a9ae122, max_idle_ns: 440795256996 ns
[   40.231339] HugeTLB registered 2 MB page size, pre-allocated 0 pages
[   40.233460] zbud: loaded
[   40.233925] VFS: Disk quotas dquot_6.6.0
[   40.233967] VFS: Dquot-cache hash table entries: 512 (order 0, 4096 bytes)
[   40.234343] squashfs: version 4.0 (2009/01/31) Phillip Lougher
[   40.234675] fuse init (API version 7.23)
[   40.234892] Key type big_key registered
[   40.234922] Allocating IMA MOK and blacklist keyrings.
[   40.235268] Key type asymmetric registered
[   40.235277] Asymmetric key parser 'x509' registered
[   40.235313] Block layer SCSI generic (bsg) driver version 0.4 loaded (major 249)
[   40.235333] io scheduler noop registered
[   40.235334] io scheduler deadline registered (default)
[   40.235365] io scheduler cfq registered
[   40.235471] pci_hotplug: PCI Hot Plug PCI Core version: 0.5
[   40.235477] pciehp: PCI Express Hot Plug Controller Driver version: 0.4
[   40.235609] ACPI: AC Adapter [AC] (on-line)
[   40.235661] input: Power Button as /devices/LNXSYSTM:00/LNXPWRBN:00/input/input0
[   40.235664] ACPI: Power Button [PWRF]
[   40.235733] input: Sleep Button as /devices/LNXSYSTM:00/LNXSLPBN:00/input/input1
[   40.235735] ACPI: Sleep Button [SLPF]
[   40.235932] GHES: HEST is not enabled!
[   40.236934] ACPI: Battery Slot [BAT0] (battery present)
[   40.237014] Serial: 8250/16550 driver, 32 ports, IRQ sharing enabled
[   40.543448] 00:02: ttyS0 at I/O 0x3f8 (irq = 4, base_baud = 115200) is a 16550A
[   40.793640] Linux agpgart interface v0.103
[   40.983738] loop: module loaded
[   40.984678] scsi host0: ata_piix
[   40.984761] scsi host1: ata_piix
[   40.984833] ata1: PATA max UDMA/33 cmd 0x1f0 ctl 0x3f6 bmdma 0xd000 irq 14
[   40.984834] ata2: PATA max UDMA/33 cmd 0x170 ctl 0x376 bmdma 0xd008 irq 15
[   40.984938] libphy: Fixed MDIO Bus: probed
[   40.984941] tun: Universal TUN/TAP device driver, 1.6
[   40.984942] tun: (C) 1999-2004 Max Krasnyansky <maxk@qualcomm.com>
[   40.985402] PPP generic driver version 2.4.2
[   40.985483] ehci_hcd: USB 2.0 'Enhanced' Host Controller (EHCI) Driver
[   40.985490] ehci-pci: EHCI PCI platform driver
[   40.985500] ehci-platform: EHCI generic platform driver
[   40.985512] ohci_hcd: USB 1.1 'Open' Host Controller (OHCI) Driver
[   40.985515] ohci-pci: OHCI PCI platform driver
[   40.985525] ohci-platform: OHCI generic platform driver
[   40.985534] uhci_hcd: USB Universal Host Controller Interface driver
[   40.985597] i8042: PNP: PS/2 Controller [PNP0303:PS2K,PNP0f03:PS2M] at 0x60,0x64 irq 1,12
[   41.104504] serio: i8042 KBD port at 0x60,0x64 irq 1
[   41.104514] serio: i8042 AUX port at 0x60,0x64 irq 12
[   41.104742] mousedev: PS/2 mouse device common for all mice
[   41.105201] rtc_cmos rtc_cmos: rtc core: registered rtc_cmos as rtc0
[   41.105290] rtc_cmos rtc_cmos: alarms up to one day, 114 bytes nvram
[   41.105304] i2c /dev entries driver
[   41.105373] device-mapper: uevent: version 1.0.3
[   41.105570] device-mapper: ioctl: 4.34.0-ioctl (2015-10-28) initialised: dm-devel@redhat.com
[   41.105594] ledtrig-cpu: registered to indicate activity on CPUs
[   41.106027] NET: Registered protocol family 10
[   41.106218] NET: Registered protocol family 17
[   41.106229] Key type dns_resolver registered
[   41.106528] registered taskstats version 1
[   41.106550] Loading compiled-in X.509 certificates
[   41.107536] Loaded X.509 cert 'Build time autogenerated kernel key: fc7b57a7df019f2655f66a8a374d74ee8f4999fc'
[   41.107573] zswap: loaded using pool lzo/zbud
[   41.110140] Key type trusted registered
[   41.114179] Key type encrypted registered
[   41.114189] AppArmor: AppArmor sha1 policy hashing enabled
[   41.114193] ima: No TPM chip found, activating TPM-bypass!
[   41.114218] evm: HMAC attrs: 0x1
[   41.114564]   Magic number: 6:327:515
[   41.288018] rtc_cmos rtc_cmos: setting system clock to 2018-06-19 04:32:49 UTC (1529382769)
[   41.288356] BIOS EDD facility v0.16 2004-Jun-25, 0 devices found
[   41.288356] EDD information not available.
[   41.887704] atkbd serio0: Failed to enable keyboard on isa0060/serio0
[   41.887763] input: AT Translated Set 2 keyboard as /devices/platform/i8042/serio0/input/input2
[   41.975386] atkbd serio0: Spurious ACK on isa0060/serio0. Some program might be trying to access hardware directly.
[   52.882786] Freeing unused kernel memory: 1512K
[   53.051448] Write protecting the kernel read-only data: 14336k
[   53.274305] Freeing unused kernel memory: 1688K
[   53.447652] Freeing unused kernel memory: 96K
Loading, please [   53.566018] random: systemd-udevd: uninitialized urandom read (16 bytes read, 7 bits of entropy available)
wait...
startin[   53.567260] random: udevadm: uninitialized urandom read (16 bytes read, 7 bits of entropy available)
g version 229
[   53.567303] random: udevadm: uninitialized urandom read (16 bytes read, 7 bits of entropy available)
[   53.584983] random: udevadm: uninitialized urandom read (16 bytes read, 7 bits of entropy available)
[   53.585060] random: udevadm: uninitialized urandom read (16 bytes read, 7 bits of entropy available)
[   53.585375] random: udevadm: uninitialized urandom read (16 bytes read, 7 bits of entropy available)
[   53.585463] random: udevadm: uninitialized urandom read (16 bytes read, 7 bits of entropy available)
[   53.585552] random: udevadm: uninitialized urandom read (16 bytes read, 7 bits of entropy available)
[   53.585640] random: udevadm: uninitialized urandom read (16 bytes read, 7 bits of entropy available)
[   53.585723] random: udevadm: uninitialized urandom read (16 bytes read, 7 bits of entropy available)
[   56.520879] Fusion MPT base driver 3.04.20
[   56.650654] Copyright (c) 1999-2008 LSI Corporation
[   56.650767] e1000: Intel(R) PRO/1000 Network Driver - version 7.3.21-k8-NAPI
[   56.650767] e1000: Copyright (c) 1999-2006 Intel Corporation.
[   57.155362] AVX version of gcm_enc/dec engaged.
[   57.311560] AES CTR mode by8 optimization enabled
[   57.477014] input: ImExPS/2 Generic Explorer Mouse as /devices/platform/i8042/serio1/input/input4
[   57.486729] e1000 0000:00:03.0 eth0: (PCI:33MHz:32-bit) 02:b0:72:86:cc:22
[   57.486735] e1000 0000:00:03.0 eth0: Intel(R) PRO/1000 Network Connection
[   57.974355] Fusion MPT SPI Host driver 3.04.20
[   57.976118] e1000 0000:00:03.0 enp0s3: renamed from eth0
[   57.976312] mptbase: ioc0: Initiating bringup
[   58.039869] ioc0: LSI53C1030 A0: Capabilities={Initiator}
[   58.200438] scsi host2: ioc0: LSI53C1030 A0, FwRev=00000000h, Ports=1, MaxQ=256, IRQ=20
[   58.312008] scsi 2:0:0:0: Direct-Access     VBOX     HARDDISK         1.0  PQ: 0 ANSI: 5
[   58.312014] scsi target2:0:0: Beginning Domain Validation
[   58.312870] scsi target2:0:0: Domain Validation skipping write tests
[   58.312871] scsi target2:0:0: Ending Domain Validation
[   58.312912] scsi target2:0:0: asynchronous
[   58.313192] scsi 2:0:1:0: Direct-Access     VBOX     HARDDISK         1.0  PQ: 0 ANSI: 5
[   58.313196] scsi target2:0:1: Beginning Domain Validation
[   58.313965] scsi target2:0:1: Domain Validation skipping write tests
[   58.313966] scsi target2:0:1: Ending Domain Validation
[   58.314006] scsi target2:0:1: asynchronous
[   58.383784] sd 2:0:0:0: Attached scsi generic sg0 type 0
[   58.384069] sd 2:0:0:0: [sda] 20971520 512-byte logical blocks: (10.7 GB/10.0 GiB)
[   58.384595] sd 2:0:1:0: Attached scsi generic sg1 type 0
[   58.384690] sd 2:0:0:0: [sda] Write Protect is off
[   58.384764] sd 2:0:1:0: [sdb] 20480 512-byte logical blocks: (10.5 MB/10.0 MiB)
[   58.384801] sd 2:0:0:0: [sda] Incomplete mode parameter data
[   58.384803] sd 2:0:0:0: [sda] Assuming drive cache: write through
[   58.384976] sd 2:0:1:0: [sdb] Write Protect is off
[   58.385092] sd 2:0:1:0: [sdb] Incomplete mode parameter data
[   58.385093] sd 2:0:1:0: [sdb] Assuming drive cache: write through
[   58.386191]  sda: sda1
[   58.386956] sd 2:0:0:0: [sda] Attached SCSI disk
[   58.388864] sd 2:0:1:0: [sdb] Attached SCSI disk
Begin: Loading e[   63.798365] md: linear personality registered for level -1
ssential drivers[   64.021766] md: multipath personality registered for level -4
 ... [   64.234965] md: raid0 personality registered for level 0
[   64.442058] md: raid1 personality registered for level 1
[   64.711096] raid6: sse2x1   gen()  5009 MB/s
[   64.931143] raid6: sse2x1   xor()  4605 MB/s
[   65.155069] raid6: sse2x2   gen()  8842 MB/s
[   65.383409] raid6: sse2x2   xor()  5854 MB/s
[   65.615076] raid6: sse2x4   gen()  9551 MB/s
[   65.823051] raid6: sse2x4   xor()  5880 MB/s
[   65.967184] raid6: using algorithm sse2x4 gen() 9551 MB/s
[   66.174222] raid6: .... xor() 5880 MB/s, rmw enabled
[   66.343073] raid6: using ssse3x2 recovery algorithm
[   66.518378] xor: automatically using best checksumming function:
[   66.771371]    avx       : 17078.000 MB/sec
[   66.932557] async_tx: api initialized (async)
[   67.058934] md: raid6 personality registered for level 6
[   67.251754] md: raid5 personality registered for level 5
[   67.433187] md: raid4 personality registered for level 4
[   67.629413] md: raid10 personality registered for level 10
done.
Begin: Running /scripts/init-p[   67.873213] Btrfs loaded
remount ... done.
Begin: Mounting root file sys[   68.023071] EXT4-fs (sda1): mounted filesystem with ordered data mode. Opts: (null)
tem ... Begin: Running /scripts/local-top ... done.
Begin: Running /scripts/local-premount ... Scanning for Btrfs filesystems
done.
Warning: fsck not present, so skipping root file system
done.
Begin: Running /scripts/local-bottom ... done.
Begin: Running /scripts/init-bottom ... done.
[   68.802588] systemd[1]: systemd 229 running in system mode. (+PAM +AUDIT +SELINUX +IMA +APPARMOR +SMACK +SYSVINIT +UTMP +LIBCRYPTSETUP +GCRYPT +GNUTLS +ACL +XZ -LZ4 +SECCOMP +BLKID +ELFUTILS +KMOD -IDN)
[   69.465431] systemd[1]: Detected virtualization oracle.
[   69.647850] systemd[1]: Detected architecture x86-64.

Welcome to [1mUbuntu 16.04.4 LTS[0m!

[   69.905806] systemd[1]: Set hostname to <ubuntu-xenial>.
[   70.135049] random: nonblocking pool is initialized
[   70.388313] systemd[1]: Reached target System Time Synchronized.
[[0;32m  OK  [0m] Reached target System Time Synchronized.
[   70.679636] systemd[1]: Listening on Device-mapper event daemon FIFOs.
[[0;32m  OK  [0m] Listening on Device-mapper event daemon FIFOs.
[   71.012202] systemd[1]: Listening on Journal Socket (/dev/log).
[[0;32m  OK  [0m] Listening on Journal Socket (/dev/log).
[   71.311422] systemd[1]: Listening on Syslog Socket.
[[0;32m  OK  [0m] Listening on Syslog Socket.
[   71.500106] systemd[1]: Started Trigger resolvconf update for networkd DNS.
[[0;32m  OK  [0m] Started Trigger resolvconf update for networkd DNS.
[   71.852077] systemd[1]: Reached target Encrypted Volumes.
[[0;32m  OK  [0m] Reached target Encrypted Volumes.
[   72.132121] systemd[1]: Created slice User and Session Slice.
[[0;32m  OK  [0m] Created slice User and Session Slice.
[   72.380107] systemd[1]: Started Forward Password Requests to Wall Directory Watch.
[[0;32m  OK  [0m] Started Forward Password Requests to Wall Directory Watch.
[   72.623566] systemd[1]: Listening on Journal Audit Socket.
[[0;32m  OK  [0m] Listening on Journal Audit Socket.
[   72.883906] systemd[1]: Set up automount Arbitrary Executable File Formats File System Automount Point.
[[0;32m  OK  [0m] Set up automount Arbitrary Executab...ats File System Automount Point.
[   73.383247] systemd[1]: Listening on udev Kernel Socket.
[[0;32m  OK  [0m] Listening on udev Kernel Socket.
[   73.662118] systemd[1]: Listening on udev Control Socket.
[[0;32m  OK  [0m] Listening on udev Control Socket.
[   73.879632] systemd[1]: Listening on Journal Socket.
[[0;32m  OK  [0m] Listening on Journal Socket.
[   74.139790] systemd[1]: Reached target User and Group Name Lookups.
[[0;32m  OK  [0m] Reached target User and Group Name Lookups.
[   74.471689] systemd[1]: Listening on /dev/initctl Compatibility Named Pipe.
[[0;32m  OK  [0m] Listening on /dev/initctl Compatibility Named Pipe.
[   74.868971] systemd[1]: Created slice System Slice.
[[0;32m  OK  [0m] Created slice System Slice.
[   75.136730] systemd[1]: Reached target Slices.
[[0;32m  OK  [0m] Reached target Slices.
[   75.391887] systemd[1]: Mounting POSIX Message Queue File System...
         Mounting POSIX Message Queue File System...
[   75.720200] systemd[1]: Starting Journal Service...
         Starting Journal Service...
[   75.887204] systemd[1]: Mounting Huge Pages File System...
         Mounting Huge Pages File System...
[   76.167987] systemd[1]: Starting Set console keymap...
         Starting Set console keymap...
[   76.428107] systemd[1]: Starting Create list of required static device nodes for the current kernel...
         Starting Create list of required st... nodes for the current kernel...
[   76.927597] systemd[1]: Starting Remount Root and Kernel File Systems...
[   76.932505] EXT4-fs (sda1): re-mounted. Opts: (null)
         Starting Remount Root and Kernel File Systems...
[   77.419714] systemd[1]: Created slice system-serial\x2dgetty.slice.
[[0;32m  OK  [0m] Created slice system-serial\x2dgetty.slice.
[   77.775428] systemd[1]: Starting Load Kernel Modules...
[   77.953440] Loading iSCSI transport class v2.0-870.
         Startin[   78.141254] iscsi: registered transport (tcp)
g Load Kernel Modules...
[   78.343362] iscsi: registered transport (iser)
[   78.519112] systemd[1]: Mounting Debug File System...
         Mounting Debug File System...
[   78.763881] systemd[1]: Starting Nameserver information manager...
         Starting Nameserver information manager...
[   79.079803] systemd[1]: Starting Uncomplicated firewall...
         Starting Uncomplicated firewall...
[   79.369202] systemd[1]: Listening on LVM2 poll daemon socket.
[[0;32m  OK  [0m] Listening on LVM2 poll daemon socket.
[   79.700301] systemd[1]: Listening on LVM2 metadata daemon socket.
[[0;32m  OK  [0m] Listening on LVM2 metadata daemon socket.
[   80.027606] systemd[1]: Starting Monitoring of LVM2 mirrors, snapshots etc. using dmeventd or progress polling...
         Starting Monitoring of LVM2 mirrors... dmeventd or progress polling...
[   80.468430] systemd[1]: Reached target Swap.
[[0;32m  OK  [0m] Reached target Swap.
[   80.730323] systemd[1]: Mounted Debug File System.
[[0;32m  OK  [0m] Mounted Debug File System.
[   81.000618] systemd[1]: Mounted POSIX Message Queue File System.
[[0;32m  OK  [0m] Mounted POSIX Message Queue File System.
[   81.347948] systemd[1]: Mounted Huge Pages File System.
[[0;32m  OK  [0m] Mounted Huge Pages File System.
[   81.472476] systemd[1]: Started Journal Service.
[[0;32m  OK  [0m] Started Journal Service.
[[0;32m  OK  [0m] Started Set console keymap.
[[0;32m  OK  [0m] Started Create list of required sta...ce nodes for the current kernel.
[[0;32m  OK  [0m] Started Remount Root and Kernel File Systems.
[[0;32m  OK  [0m] Started Load Kernel Modules.
[[0;32m  OK  [0m] Started Uncomplicated firewall.
[[0;32m  OK  [0m] Started Nameserver information manager.
[[0;32m  OK  [0m] Started LVM2 metadata daemon.
         Starting Apply Kernel Variables...
         Mounting FUSE Control File System...
         Starting udev Coldplug all Devices...
         Starting Load/Save Random Seed...
         Starting Create Static Device Nodes in /dev...
         Starting Flush Journal to Persistent Storage...
[[0;32m  OK  [0m] Mounted FUSE Control File System.
[[0;32m  OK  [0m] Started Monitoring of LVM2 mirrors,...ng dmeventd or progress polling.
[[0;32m  OK  [0m] Started Apply Kernel Variables.
[[0;32m  OK  [0m] Started Load/Save Random Seed.
[[0;32m  OK  [0m] Started Create Static Device Nodes in /dev.
[[0;32m  OK  [0m] Started udev Coldplug all Devices.
[[0;32m  OK  [0m] Started Flush Journal to Persistent Storage.
         Starting udev Kernel Device Manager...
[[0;32m  OK  [0m] Started udev Kernel Device Manager.
[[0;32m  OK  [0m] Reached target Local File Systems (Pre).
[[0;32m  OK  [0m] Reached target Local File Systems.
         Starting Initial cloud-init job (pre-networking)...
         Starting Set console font and keymap...
         Starting LSB: AppArmor initialization...
         Starting Create Volatile Files and Directories...
         Starting Tell Plymouth To Write Out Runtime Data...
[[0;32m  OK  [0m] Started Dispatch Password Requests to Console Directory Watch.
[   51.960959] cloud-init[515]: Cloud-init v. 18.2 running 'init-local' at Tue, 19 Jun 2018 04:33:33 +0000. Up 51.57 seconds.
[[0;32m  OK  [0m] Started Create Volatile Files and Directories.
[[0;32m  OK  [0m] Started Set console font and keymap.
[[0;32m  OK  [0m] Started Tell Plymouth To Write Out Runtime Data.
[[0;32m  OK  [0m] Started Initial cloud-init job (pre-networking).
[[0;32m  OK  [0m] Found device /dev/ttyS0.
[[0;32m  OK  [0m] Listening on Load/Save RF Kill Switch Status /dev/rfkill Watch.
[[0;32m  OK  [0m] Reached target Network (Pre).
[[0;32m  OK  [0m] Created slice system-getty.slice.
         Starting Update UTMP about System Boot/Shutdown...
[[0;32m  OK  [0m] Started LSB: AppArmor initialization.
         Starting Raise network interfaces...
[[0;32m  OK  [0m] Started ifup for enp0s3.
[[0;32m  OK  [0m] Started Update UTMP about System Boot/Shutdown.
[[0;32m  OK  [0m] Started Raise network interfaces.
[[0;32m  OK  [0m] Reached target Network.
         Starting Initial cloud-init job (metadata service crawler)...
[   54.601293] cloud-init[995]: Cloud-init v. 18.2 running 'init' at Tue, 19 Jun 2018 04:33:35 +0000. Up 54.24 seconds.
[[0;32m  OK  [0m] Started Initial cloud-init job (metadata service crawler).
[[0;32m  OK  [0m] Reached target System Initialization.
[   54.775923] cloud-init[995]: ci-info: +++++++++++++++++++++++++++++++++++++Net device info++++++++++++++++++++++++++++++++++++++
[   55.237891] cloud-init[995]: ci-info: +--------+------+----------------------------+---------------+-------+-------------------+
[[0;32m  OK  [0m] Listening on ACPID Listen Socket.
[   55.474065] cloud-init[995]: ci-info: | Device |  Up  |          Address           |      Mask     | Scope |     Hw-Address    |
[   55.784922] cloud-init[995]: ci-info: +--------+------+----------------------------+---------------+-------+-------------------+
[   56.004750] cloud-init[995]: ci-info: | enp0s3 | True |         10.0.2.15          | 255.255.255.0 |   .   | 02:b0:72:86:cc:22 |
[[0;32m  OK  [0m] Started ACPI Events Check.
[[0;32m  OK  [0m] Reached target Paths.
[[0;32m  OK  [0m] Started Daily Cleanup of Temporary Directories.
[   56.227825] [[0;32m  OK  [0m] Listening on UUID daemon activation socket.
         Starting Socket activation for snappy daemon.
cloud-init[995]: ci-info: | enp0s3 | True | fe80::b0:72ff:fe86:cc22/64 |       .       |  link | 02:b0:72:86:cc:22 |
[   56.933996] cloud-init[995]: ci-info: |   lo   | True |         127.0.0.1          |   255.0.0.0   |   .   |         .         |
[   57.152821] cloud-init[995]: ci-info: |   lo   | True |          ::1/128           |       .       |  host |         .         |
         Starting LXD - unix socket.
[   57.371872] cloud-init[995]: ci-info: +--------+------+----------------------------+---------------+-------+-------------------+
[   57.657251] cloud-init[995]: ci-info: +++++++++++++++++++++++++++Route IPv4 info++++++++++++++++++++++++++++
[   57.840766] cloud-init[995]: ci-info: +-------+-------------+----------+---------------+-----------+-------+
[   58.036242] cloud-init[995]: ci-info: | Route | Destination | Gateway  |    Genmask    | Interface | Flags |
[   58.036526] cloud-init[995]: ci-info: +-------+-------------+----------+---------------+-----------+-------+
[   58.036600] cloud-init[995]: ci-info: |   0   |   0.0.0.0   | 10.0.2.2 |    0.0.0.0    |   enp0s3  |   UG  |
[   58.036669] cloud-init[995]: ci-info: |   1   |   10.0.2.0  | 0.0.0.0  | 255.255.255.0 |   enp0s3  |   U   |
[   58.036727] cloud-init[995]: ci-info: +-------+-------------+----------+---------------+-----------+-------+
[[0;32m  OK  [0m] Started Daily apt download activities.
[[0;32m  OK  [0m] Started Daily apt upgrade and clean activities.
[[0;32m  OK  [0m] Reached target Timers.
[[0;32m  OK  [0m] Listening on D-Bus System Message Bus Socket.
[[0;32m  OK  [0m] Reached target Network is Online.
         Starting iSCSI initiator daemon (iscsid)...
[[0;32m  OK  [0m] Reached target Cloud-config availability.
[[0;32m  OK  [0m] Listening on Socket activation for snappy daemon.
[[0;32m  OK  [0m] Listening on LXD - unix socket.
[[0;32m  OK  [0m] Started iSCSI initiator daemon (iscsid).
         Starting Login to default iSCSI targets...
[[0;32m  OK  [0m] Reached target Sockets.
[[0;32m  OK  [0m] Reached target Basic System.
         Starting Apply the settings specified in cloud-config...
[[0;32m  OK  [0m] Started Unattended Upgrades Shutdown.
         Starting Virtualbox guest utils...
         Starting Login Service...
         Starting LSB: MD monitoring daemon...
         Starting OpenBSD Secure Shell server...
[[0;32m  OK  [0m] Started D-Bus System Message Bus.
[   60.797185] cloud-init[1053]: Cloud-init v. 18.2 running 'modules:config' at Tue, 19 Jun 2018 04:33:42 +0000. Up 60.59 seconds.
[[0;32m  OK  [0m] Started ACPI event daemon.
         Starting /etc/rc.local Compatibility...
         Starting Accounts Service...
[[0;32m  OK  [0m] Started Deferred execution scheduler.
[[0;32m  OK  [0m] Started Regular background program processing daemon.
[[0;32m  OK  [0m] Started FUSE filesystem for LXC.
         Starting LXD - container startup/shutdown...
         Starting LSB: Record successful boot for GRUB...
         Starting System Logging Service...
         Starting Snappy daemon...
[[0;32m  OK  [0m] Started OpenBSD Secure Shell server.
[[0;32m  OK  [0m] Started System Logging Service.
[[0;32m  OK  [0m] Started Snappy daemon.
[[0;32m  OK  [0m] Started Apply the settings specified in cloud-config.
[[0;32m  OK  [0m] Started /etc/rc.local Compatibility.
[[0;32m  OK  [0m] Started LXD - container startup/shutdown.
[[0;32m  OK  [0m] Started Login to default iSCSI targets.
[[0;32m  OK  [0m] Started Virtualbox guest utils.
[[0;32m  OK  [0m] Started LSB: MD monitoring daemon.
[[0;32m  OK  [0m] Started LSB: Record successful boot for GRUB.
[[0;32m  OK  [0m] Started Login Service.
         Starting Authenticate and Authorize Users to Run Privileged Tasks...
[[0;32m  OK  [0m] Reached target Remote File Systems (Pre).
[[0;32m  OK  [0m] Reached target Remote File Systems.
         Starting LSB: daemon to balance interrupts for SMP systems...
         Starting Permit User Sessions...
         Starting LSB: automatic crash report generation...
         Starting LSB: Set the CPU Frequency Scaling governor to "ondemand"...
         Starting Wait until snapd is fully seeded...
[[0;32m  OK  [0m] Started Permit User Sessions.
[[0;32m  OK  [0m] Started Wait until snapd is fully seeded.
[[0;32m  OK  [0m] Started Authenticate and Authorize Users to Run Privileged Tasks.
[[0;32m  OK  [0m] Started Accounts Service.
[[0;32m  OK  [0m] Started LSB: Set the CPU Frequency Scaling governor to "ondemand".
[[0;32m  OK  [0m] Started LSB: daemon to balance interrupts for SMP systems.
[[0;32m  OK  [0m] Started LSB: automatic crash report generation.
         Starting Hold until boot process finishes up...
         Starting Terminate Plymouth Boot Screen...
[[0;32m  OK  [0m] Started Hold until boot process finishes up.
[[0;32m  OK  [0m] Started Terminate Plymouth Boot Screen.
[[0;32m  OK  [0m] Started Getty on tty1.
[[0;32m  OK  [0m] Started Serial Getty on ttyS0.
[[0;32m  OK  [0m] Reached target Login Prompts.
         Starting Set console scheme...
[[0;32m  OK  [0m] Reached target Multi-User System.
         Starting Execute cloud user/final scripts...
[[0;32m  OK  [0m] Reached target Graphical Interface.
         Starting Update UTMP about System Runlevel Changes...
[[0;32m  OK  [0m] Started Set console scheme.
[[0;32m  OK  [0m] Started Update UTMP about System Runlevel Changes.
[   66.145696] cloud-init[1230]: Cloud-init v. 18.2 running 'modules:final' at Tue, 19 Jun 2018 04:33:47 +0000. Up 65.97 seconds.
[   66.334716] [cloud-init[0;32m  OK  [0m[1230]: ] Cloud-init v. 18.2 finished at Tue, 19 Jun 2018 04:33:47 +0000. Datasource DataSourceNoCloud [seed=/dev/sdb][dsmode=net].  Up 66.13 secondsStarted Execute cloud user/final scripts.

[[0;32m  OK  [0m] Created slice User Slice of vagrant.
         Starting User Manager for UID 1000...
[[0;32m  OK  [0m] Started Session 1 of user vagrant.
[[0;32m  OK  [0m] Reached target Cloud-init target.
[[0;32m  OK  [0m] Started User Manager for UID 1000.

Ubuntu 16.04.4 LTS ubuntu-xenial ttyS0

ubuntu-xenial login:          Stopping Session a         Stopping Deferred execution scheduler...
         Stopping Unattended Upgrades Shutdown...
         Stopping System Logging Service...
         Stopping OpenBSD Secure Shell server...
         Stopping Regular background program processing daemon...
         Stopping Snappy daemon...
         Stopping Virtualbox guest utils...
         Stopping LSB: daemon to balance interrupts for SMP systems...
         Stopping LSB: automatic crash report generation...
         Stopping LSB: MD monitoring daemon...
         Stopping Accounts Service...
         Stopping LSB: Record successful boot for GRUB...
         Stopping LSB: Set the CPU Frequency Scaling governor to "ondemand"...
[[0;32m  OK  [0m] Unmounted /var/lib/lxcfs.
[[0;32m  OK  [0m] Stopped OpenBSD Secure Shell server.
[[0;32m  OK  [0m] Stopped ACPI event daemon.
[[0;32m  OK  [0m] Stopped Accounts Service.
[[0;32m  OK  [0m] Stopped Deferred execution scheduler.
[[0;32m  OK  [0m] Stopped Regular background program processing daemon.
[[0;32m  OK  [0m] Stopped System Logging Service.
[[0;32m  OK  [0m] Stopped Snappy daemon.
[[0;32m  OK  [0m] Stopped Authenticate and Authorize Users to Run Privileged Tasks.
[[0;32m  OK  [0m] Stopped Getty on tty1.
[[0;32m  OK  [0m] Stopped Serial Getty on ttyS0.
[[0;32m  OK  [0m] Stopped User Manager for UID 1000.
[[0;32m  OK  [0m] Stopped Session 8 of user vagrant.
[[0;32m  OK  [0m] Stopped D-Bus System Message Bus.
[[0;32m  OK  [0m] Stopped Unattended Upgrades Shutdown.
[[0;32m  OK  [0m] Stopped FUSE filesystem for LXC.
[[0;32m  OK  [0m] Stopped LXD - container startup/shutdown.
[[0;32m  OK  [0m] Stopped LSB: automatic crash report generation.
[[0;32m  OK  [0m] Stopped Virtualbox guest utils.
[[0;32m  OK  [0m] Stopped LSB: daemon to balance interrupts for SMP systems.
[[0;32m  OK  [0m] Stopped LSB: MD monitoring daemon.
[[0;32m  OK  [0m] Stopped LSB: Record successful boot for GRUB.
[[0;32m  OK  [0m] Stopped LSB: Set the CPU Frequency Scaling governor to "ondemand".
[[0;32m  OK  [0m] Removed slice User Slice of vagrant.
         Stopping Login Service...
[[0;32m  OK  [0m] Removed slice system-serial\x2dgetty.slice.
[[0;32m  OK  [0m] Stopped /etc/rc.local Compatibility.
[[0;32m  OK  [0m] Removed slice system-getty.slice.
         Stopping Permit User Sessions...
[[0;32m  OK  [0m] Stopped Login Service.
[[0;32m  OK  [0m] Stopped Permit User Sessions.
[[0;32m  OK  [0m] Stopped target Remote File Systems.
[[0;32m  OK  [0m] Stopped target Remote File Systems (Pre).
         Stopping Login to default iSCSI targets...
[[0;32m  OK  [0m] Stopped target User and Group Name Lookups.
[[0;32m  OK  [0m] Stopped target Basic System.
[[0;32m  OK  [0m] Stopped target Paths.
[[0;32m  OK  [0m] Stopped ACPI Events Check.
[[0;32m  OK  [0m] Stopped Forward Password Requests to Wall Directory Watch.
[[0;32m  OK  [0m] Stopped Dispatch Password Requests to Console Directory Watch.
[[0;32m  OK  [0m] Stopped target Slices.
[[0;32m  OK  [0m] Stopped target Sockets.
[[0;32m  OK  [0m] Closed UUID daemon activation socket.
[[0;32m  OK  [0m] Closed D-Bus System Message Bus Socket.
[[0;32m  OK  [0m] Closed Syslog Socket.
[[0;32m  OK  [0m] Closed Socket activation for snappy daemon.
[[0;32m  OK  [0m] Closed ACPID Listen Socket.
[[0;32m  OK  [0m] Closed LXD - unix socket.
[[0;32m  OK  [0m] Stopped target System Initialization.
         Stopping Load/Save Random Seed...
[[0;32m  OK  [0m] Stopped target Swap.
[[0;32m  OK  [0m] Stopped Create Volatile Files and Directories.
[[0;32m  OK  [0m] Stopped target Encrypted Volumes.
[[0;32m  OK  [0m] Removed slice User and Session Slice.
[[0;32m  OK  [0m] Stopped Load/Save Random Seed.
[[0;32m  OK  [0m] Stopped Login to default iSCSI targets.
         Stopping iSCSI initiator daemon (iscsid)...
[[0;32m  OK  [0m] Stopped iSCSI initiator daemon (iscsid).
[[0;32m  OK  [0m] Stopped target Network is Online.
[[0;32m  OK  [0m] Stopped Initial cloud-init job (metadata service crawler).
[[0;32m  OK  [0m] Stopped target Network.
         Stopping Raise network interfaces...
[[0;32m  OK  [0m] Stopped Raise network interfaces.
[[0;32m  OK  [0m] Stopped target Network (Pre).
[[0;32m  OK  [0m] Stopped Initial cloud-init job (pre-networking).
[[0;32m  OK  [0m] Stopped target Local File Systems.
         Unmounting /run/user/1000...
         Unmounting /vagrant...
[[0;32m  OK  [0m] Stopped Apply Kernel Variables.
[[0;32m  OK  [0m] Stopped Load Kernel Modules.
[[0;32m  OK  [0m] Unmounted /run/user/1000.
[[0;32m  OK  [0m] Unmounted /vagrant.
[[0;32m  OK  [0m] Reached target Unmount All Filesystems.
[[0;32m  OK  [0m] Stopped target Local File Systems (Pre).
[[0;32m  OK  [0m] Stopped Create Static Device Nodes in /dev.
[[0;32m  OK  [0m] Stopped Remount Root and Kernel File Systems.
[[0;32m  OK  [0m] Reached target Shutdown.
[14563.423868] reboot: Power down